This analysis could be faster, please consider using Incremental Analysis: https://pmd.github.io/pmd-6.2.0/pmd_userdocs_getting_started.html#incremental-analysis
may 14, 2018 4:28:44 PM net.sourceforge.pmd.PMD processFiles
ADVERTENCIA: This analysis could be faster, please consider using Incremental Analysis: https://pmd.github.io/pmd-6.2.0/pmd_userdocs_getting_started.html#incremental-analysis
C:\Users\Admin3\Desktop\projectFiles\filesInnova\scan_43aa1f1c-26c9-44e8-b9d9-abb2af18303d\classes\AutoLeadConversionBatch.cls:7:	Avoid using global modifier
C:\Users\Admin3\Desktop\projectFiles\filesInnova\scan_43aa1f1c-26c9-44e8-b9d9-abb2af18303d\classes\AutoLeadConversionBatch.cls:7:	The class 'AutoLeadConversionBatch' has a Standard Cyclomatic Complexity of 9 (Highest = 41).
C:\Users\Admin3\Desktop\projectFiles\filesInnova\scan_43aa1f1c-26c9-44e8-b9d9-abb2af18303d\classes\AutoLeadConversionBatch.cls:7:	The class 'AutoLeadConversionBatch' has a total cyclomatic complexity of 59 (highest 55).
C:\Users\Admin3\Desktop\projectFiles\filesInnova\scan_43aa1f1c-26c9-44e8-b9d9-abb2af18303d\classes\AutoLeadConversionBatch.cls:10:	Avoid empty block statements.
C:\Users\Admin3\Desktop\projectFiles\filesInnova\scan_43aa1f1c-26c9-44e8-b9d9-abb2af18303d\classes\AutoLeadConversionBatch.cls:14:	Variables should start with a lowercase character, 'BC' starts with uppercase character.
C:\Users\Admin3\Desktop\projectFiles\filesInnova\scan_43aa1f1c-26c9-44e8-b9d9-abb2af18303d\classes\AutoLeadConversionBatch.cls:20:	The method 'execute' has a Standard Cyclomatic Complexity of 41.
C:\Users\Admin3\Desktop\projectFiles\filesInnova\scan_43aa1f1c-26c9-44e8-b9d9-abb2af18303d\classes\AutoLeadConversionBatch.cls:20:	The method 'execute(Database.BatchableContext,List<Lead>)' has a cyclomatic complexity of 55.
C:\Users\Admin3\Desktop\projectFiles\filesInnova\scan_43aa1f1c-26c9-44e8-b9d9-abb2af18303d\classes\AutoLeadConversionBatch.cls:20:	The method execute() has an NCSS line count of 192
C:\Users\Admin3\Desktop\projectFiles\filesInnova\scan_43aa1f1c-26c9-44e8-b9d9-abb2af18303d\classes\AutoLeadConversionBatch.cls:20:	Variables should start with a lowercase character, 'BC' starts with uppercase character.
C:\Users\Admin3\Desktop\projectFiles\filesInnova\scan_43aa1f1c-26c9-44e8-b9d9-abb2af18303d\classes\AutoLeadConversionBatch.cls:23:	Variables should start with a lowercase character, 'UserIDlist' starts with uppercase character.
C:\Users\Admin3\Desktop\projectFiles\filesInnova\scan_43aa1f1c-26c9-44e8-b9d9-abb2af18303d\classes\AutoLeadConversionBatch.cls:35:	Variables should start with a lowercase character, 'MapofLeadIdtoDomainandCountry' starts with uppercase character.
C:\Users\Admin3\Desktop\projectFiles\filesInnova\scan_43aa1f1c-26c9-44e8-b9d9-abb2af18303d\classes\AutoLeadConversionBatch.cls:36:	Variables should start with a lowercase character, 'MapofLeademailtoId' starts with uppercase character.
C:\Users\Admin3\Desktop\projectFiles\filesInnova\scan_43aa1f1c-26c9-44e8-b9d9-abb2af18303d\classes\AutoLeadConversionBatch.cls:38:	Variables should start with a lowercase character, 'Countryset' starts with uppercase character.
C:\Users\Admin3\Desktop\projectFiles\filesInnova\scan_43aa1f1c-26c9-44e8-b9d9-abb2af18303d\classes\AutoLeadConversionBatch.cls:43:	Variables should start with a lowercase character, 'SetofAccIdtoOppExists' starts with uppercase character.
C:\Users\Admin3\Desktop\projectFiles\filesInnova\scan_43aa1f1c-26c9-44e8-b9d9-abb2af18303d\classes\AutoLeadConversionBatch.cls:48:	Variables should start with a lowercase character, 'EmailTemplate1' starts with uppercase character.
C:\Users\Admin3\Desktop\projectFiles\filesInnova\scan_43aa1f1c-26c9-44e8-b9d9-abb2af18303d\classes\AutoLeadConversionBatch.cls:49:	Variables should start with a lowercase character, 'EmailTemplate2' starts with uppercase character.
C:\Users\Admin3\Desktop\projectFiles\filesInnova\scan_43aa1f1c-26c9-44e8-b9d9-abb2af18303d\classes\AutoLeadConversionBatch.cls:58:	Avoid using if statements without curly braces
C:\Users\Admin3\Desktop\projectFiles\filesInnova\scan_43aa1f1c-26c9-44e8-b9d9-abb2af18303d\classes\AutoLeadConversionBatch.cls:58:	Avoid using if...else statements without curly braces
C:\Users\Admin3\Desktop\projectFiles\filesInnova\scan_43aa1f1c-26c9-44e8-b9d9-abb2af18303d\classes\AutoLeadConversionBatch.cls:88:	Avoid using for statements without curly braces
C:\Users\Admin3\Desktop\projectFiles\filesInnova\scan_43aa1f1c-26c9-44e8-b9d9-abb2af18303d\classes\AutoLeadConversionBatch.cls:100:	Avoid using if statements without curly braces
C:\Users\Admin3\Desktop\projectFiles\filesInnova\scan_43aa1f1c-26c9-44e8-b9d9-abb2af18303d\classes\AutoLeadConversionBatch.cls:100:	Avoid using if...else statements without curly braces
C:\Users\Admin3\Desktop\projectFiles\filesInnova\scan_43aa1f1c-26c9-44e8-b9d9-abb2af18303d\classes\AutoLeadConversionBatch.cls:118:	Avoid using if statements without curly braces
C:\Users\Admin3\Desktop\projectFiles\filesInnova\scan_43aa1f1c-26c9-44e8-b9d9-abb2af18303d\classes\AutoLeadConversionBatch.cls:118:	Avoid using if...else statements without curly braces
C:\Users\Admin3\Desktop\projectFiles\filesInnova\scan_43aa1f1c-26c9-44e8-b9d9-abb2af18303d\classes\AutoLeadConversionBatch.cls:130:	Avoid using if statements without curly braces
C:\Users\Admin3\Desktop\projectFiles\filesInnova\scan_43aa1f1c-26c9-44e8-b9d9-abb2af18303d\classes\AutoLeadConversionBatch.cls:130:	Avoid using if...else statements without curly braces
C:\Users\Admin3\Desktop\projectFiles\filesInnova\scan_43aa1f1c-26c9-44e8-b9d9-abb2af18303d\classes\AutoLeadConversionBatch.cls:132:	Avoid using if...else statements without curly braces
C:\Users\Admin3\Desktop\projectFiles\filesInnova\scan_43aa1f1c-26c9-44e8-b9d9-abb2af18303d\classes\AutoLeadConversionBatch.cls:145:	Variables should start with a lowercase character, 'Camein' starts with uppercase character.
C:\Users\Admin3\Desktop\projectFiles\filesInnova\scan_43aa1f1c-26c9-44e8-b9d9-abb2af18303d\classes\AutoLeadConversionBatch.cls:150:	Avoid empty if statements
C:\Users\Admin3\Desktop\projectFiles\filesInnova\scan_43aa1f1c-26c9-44e8-b9d9-abb2af18303d\classes\AutoLeadConversionBatch.cls:151:	Avoid empty block statements.
C:\Users\Admin3\Desktop\projectFiles\filesInnova\scan_43aa1f1c-26c9-44e8-b9d9-abb2af18303d\classes\AutoLeadConversionBatch.cls:181:	Avoid using if statements without curly braces
C:\Users\Admin3\Desktop\projectFiles\filesInnova\scan_43aa1f1c-26c9-44e8-b9d9-abb2af18303d\classes\AutoLeadConversionBatch.cls:181:	Avoid using if...else statements without curly braces
C:\Users\Admin3\Desktop\projectFiles\filesInnova\scan_43aa1f1c-26c9-44e8-b9d9-abb2af18303d\classes\AutoLeadConversionBatch.cls:229:	Avoid using if statements without curly braces
C:\Users\Admin3\Desktop\projectFiles\filesInnova\scan_43aa1f1c-26c9-44e8-b9d9-abb2af18303d\classes\AutoLeadConversionBatch.cls:229:	Avoid using if...else statements without curly braces
C:\Users\Admin3\Desktop\projectFiles\filesInnova\scan_43aa1f1c-26c9-44e8-b9d9-abb2af18303d\classes\AutoLeadConversionBatch.cls:246:	Avoid using if statements without curly braces
C:\Users\Admin3\Desktop\projectFiles\filesInnova\scan_43aa1f1c-26c9-44e8-b9d9-abb2af18303d\classes\AutoLeadConversionBatch.cls:246:	Avoid using if...else statements without curly braces
C:\Users\Admin3\Desktop\projectFiles\filesInnova\scan_43aa1f1c-26c9-44e8-b9d9-abb2af18303d\classes\AutoLeadConversionBatch.cls:282:	Avoid using if statements without curly braces
C:\Users\Admin3\Desktop\projectFiles\filesInnova\scan_43aa1f1c-26c9-44e8-b9d9-abb2af18303d\classes\AutoLeadConversionBatch.cls:282:	Avoid using if...else statements without curly braces
C:\Users\Admin3\Desktop\projectFiles\filesInnova\scan_43aa1f1c-26c9-44e8-b9d9-abb2af18303d\classes\AutoLeadConversionBatch.cls:321:	Avoid long parameter lists
C:\Users\Admin3\Desktop\projectFiles\filesInnova\scan_43aa1f1c-26c9-44e8-b9d9-abb2af18303d\classes\AutoLeadConversionBatch.cls:336:	Avoid empty block statements.
C:\Users\Admin3\Desktop\projectFiles\filesInnova\scan_43aa1f1c-26c9-44e8-b9d9-abb2af18303d\classes\AutoLeadConversionBatch.cls:336:	Variables should start with a lowercase character, 'BC' starts with uppercase character.
C:\Users\Admin3\Desktop\projectFiles\filesInnova\scan_43aa1f1c-26c9-44e8-b9d9-abb2af18303d\classes\CurrencyConvHandler_Opp.cls:14:	Apex classes should declare a sharing model if DML or SOQL is used
C:\Users\Admin3\Desktop\projectFiles\filesInnova\scan_43aa1f1c-26c9-44e8-b9d9-abb2af18303d\classes\CurrencyConvHandler_Opp.cls:14:	The class 'CurrencyConvHandler_Opp' has a Standard Cyclomatic Complexity of 29 (Highest = 28).
C:\Users\Admin3\Desktop\projectFiles\filesInnova\scan_43aa1f1c-26c9-44e8-b9d9-abb2af18303d\classes\CurrencyConvHandler_Opp.cls:16:	The method 'handleCurrencyConversion' has a Standard Cyclomatic Complexity of 28.
C:\Users\Admin3\Desktop\projectFiles\filesInnova\scan_43aa1f1c-26c9-44e8-b9d9-abb2af18303d\classes\CurrencyConvHandler_Opp.cls:16:	The method 'handleCurrencyConversion(List<Opportunity>)' has a cyclomatic complexity of 37.
C:\Users\Admin3\Desktop\projectFiles\filesInnova\scan_43aa1f1c-26c9-44e8-b9d9-abb2af18303d\classes\CurrencyConvHandler_Opp.cls:16:	The method handleCurrencyConversion() has an NCSS line count of 84
C:\Users\Admin3\Desktop\projectFiles\filesInnova\scan_43aa1f1c-26c9-44e8-b9d9-abb2af18303d\classes\CurrencyConvHandler_Opp.cls:16:	Variables should start with a lowercase character, 'Opportunities' starts with uppercase character.
C:\Users\Admin3\Desktop\projectFiles\filesInnova\scan_43aa1f1c-26c9-44e8-b9d9-abb2af18303d\classes\CurrencyConvHandler_Opp.cls:31:	Avoid using if statements without curly braces
C:\Users\Admin3\Desktop\projectFiles\filesInnova\scan_43aa1f1c-26c9-44e8-b9d9-abb2af18303d\classes\CurrencyConvHandler_Opp.cls:31:	Avoid using if...else statements without curly braces
C:\Users\Admin3\Desktop\projectFiles\filesInnova\scan_43aa1f1c-26c9-44e8-b9d9-abb2af18303d\classes\CurrencyConvHandler_Opp.cls:33:	Avoid using if...else statements without curly braces
C:\Users\Admin3\Desktop\projectFiles\filesInnova\scan_43aa1f1c-26c9-44e8-b9d9-abb2af18303d\classes\CurrencyConvHandler_Opp.cls:35:	Avoid using if statements without curly braces
C:\Users\Admin3\Desktop\projectFiles\filesInnova\scan_43aa1f1c-26c9-44e8-b9d9-abb2af18303d\classes\CurrencyConvHandler_Opp.cls:35:	Avoid using if...else statements without curly braces
C:\Users\Admin3\Desktop\projectFiles\filesInnova\scan_43aa1f1c-26c9-44e8-b9d9-abb2af18303d\classes\CurrencyConvHandler_Opp.cls:38:	Avoid using if statements without curly braces
C:\Users\Admin3\Desktop\projectFiles\filesInnova\scan_43aa1f1c-26c9-44e8-b9d9-abb2af18303d\classes\CurrencyConvHandler_Opp.cls:38:	Avoid using if...else statements without curly braces
C:\Users\Admin3\Desktop\projectFiles\filesInnova\scan_43aa1f1c-26c9-44e8-b9d9-abb2af18303d\classes\CurrencyConvHandler_Opp.cls:40:	Avoid using if statements without curly braces
C:\Users\Admin3\Desktop\projectFiles\filesInnova\scan_43aa1f1c-26c9-44e8-b9d9-abb2af18303d\classes\CurrencyConvHandler_Opp.cls:40:	Avoid using if...else statements without curly braces
C:\Users\Admin3\Desktop\projectFiles\filesInnova\scan_43aa1f1c-26c9-44e8-b9d9-abb2af18303d\classes\CurrencyConvHandler_Opp.cls:46:	Validate CRUD permission before SOQL/DML operation
C:\Users\Admin3\Desktop\projectFiles\filesInnova\scan_43aa1f1c-26c9-44e8-b9d9-abb2af18303d\classes\CurrencyConvHandler_Opp.cls:62:	Only variables that are final should contain underscores (except for underscores in standard prefix/suffix), 'Acv_In_Euro' is not final.
C:\Users\Admin3\Desktop\projectFiles\filesInnova\scan_43aa1f1c-26c9-44e8-b9d9-abb2af18303d\classes\CurrencyConvHandler_Opp.cls:62:	Variables should start with a lowercase character, 'Acv_In_Euro' starts with uppercase character.
C:\Users\Admin3\Desktop\projectFiles\filesInnova\scan_43aa1f1c-26c9-44e8-b9d9-abb2af18303d\classes\CurrencyConvHandler_Opp.cls:64:	Avoid using if statements without curly braces
C:\Users\Admin3\Desktop\projectFiles\filesInnova\scan_43aa1f1c-26c9-44e8-b9d9-abb2af18303d\classes\CurrencyConvHandler_Opp.cls:64:	Avoid using if...else statements without curly braces
C:\Users\Admin3\Desktop\projectFiles\filesInnova\scan_43aa1f1c-26c9-44e8-b9d9-abb2af18303d\classes\CurrencyConvHandler_Opp.cls:66:	Avoid using if...else statements without curly braces
C:\Users\Admin3\Desktop\projectFiles\filesInnova\scan_43aa1f1c-26c9-44e8-b9d9-abb2af18303d\classes\CurrencyConvHandler_Opp.cls:68:	Deeply nested if..else statements are hard to read
C:\Users\Admin3\Desktop\projectFiles\filesInnova\scan_43aa1f1c-26c9-44e8-b9d9-abb2af18303d\classes\CurrencyConvHandler_Opp.cls:68:	Deeply nested if..else statements are hard to read
C:\Users\Admin3\Desktop\projectFiles\filesInnova\scan_43aa1f1c-26c9-44e8-b9d9-abb2af18303d\classes\CurrencyConvHandler_Opp.cls:117:	Deeply nested if..else statements are hard to read
C:\Users\Admin3\Desktop\projectFiles\filesInnova\scan_43aa1f1c-26c9-44e8-b9d9-abb2af18303d\classes\CurrencyConvHandler_Opp.cls:124:	Deeply nested if..else statements are hard to read
C:\Users\Admin3\Desktop\projectFiles\filesInnova\scan_43aa1f1c-26c9-44e8-b9d9-abb2af18303d\classes\CurrencyConvHandler_Opp.cls:124:	Deeply nested if..else statements are hard to read
C:\Users\Admin3\Desktop\projectFiles\filesInnova\scan_43aa1f1c-26c9-44e8-b9d9-abb2af18303d\classes\CurrencyConversionHandler.cls:14:	Apex classes should declare a sharing model if DML or SOQL is used
C:\Users\Admin3\Desktop\projectFiles\filesInnova\scan_43aa1f1c-26c9-44e8-b9d9-abb2af18303d\classes\CurrencyConversionHandler.cls:14:	The class 'CurrencyConversionHandler' has a Standard Cyclomatic Complexity of 17 (Highest = 16).
C:\Users\Admin3\Desktop\projectFiles\filesInnova\scan_43aa1f1c-26c9-44e8-b9d9-abb2af18303d\classes\CurrencyConversionHandler.cls:16:	The method 'handleCurrencyConversion' has a Standard Cyclomatic Complexity of 16.
C:\Users\Admin3\Desktop\projectFiles\filesInnova\scan_43aa1f1c-26c9-44e8-b9d9-abb2af18303d\classes\CurrencyConversionHandler.cls:16:	The method 'handleCurrencyConversion(List<Opportunity>)' has a cyclomatic complexity of 23.
C:\Users\Admin3\Desktop\projectFiles\filesInnova\scan_43aa1f1c-26c9-44e8-b9d9-abb2af18303d\classes\CurrencyConversionHandler.cls:16:	Variables should start with a lowercase character, 'Opportunities' starts with uppercase character.
C:\Users\Admin3\Desktop\projectFiles\filesInnova\scan_43aa1f1c-26c9-44e8-b9d9-abb2af18303d\classes\CurrencyConversionHandler.cls:32:	Avoid using if statements without curly braces
C:\Users\Admin3\Desktop\projectFiles\filesInnova\scan_43aa1f1c-26c9-44e8-b9d9-abb2af18303d\classes\CurrencyConversionHandler.cls:32:	Avoid using if...else statements without curly braces
C:\Users\Admin3\Desktop\projectFiles\filesInnova\scan_43aa1f1c-26c9-44e8-b9d9-abb2af18303d\classes\CurrencyConversionHandler.cls:35:	Avoid using if statements without curly braces
C:\Users\Admin3\Desktop\projectFiles\filesInnova\scan_43aa1f1c-26c9-44e8-b9d9-abb2af18303d\classes\CurrencyConversionHandler.cls:35:	Avoid using if...else statements without curly braces
C:\Users\Admin3\Desktop\projectFiles\filesInnova\scan_43aa1f1c-26c9-44e8-b9d9-abb2af18303d\classes\CurrencyConversionHandler.cls:37:	Avoid using if statements without curly braces
C:\Users\Admin3\Desktop\projectFiles\filesInnova\scan_43aa1f1c-26c9-44e8-b9d9-abb2af18303d\classes\CurrencyConversionHandler.cls:37:	Avoid using if...else statements without curly braces
C:\Users\Admin3\Desktop\projectFiles\filesInnova\scan_43aa1f1c-26c9-44e8-b9d9-abb2af18303d\classes\CurrencyConversionHandler.cls:43:	Validate CRUD permission before SOQL/DML operation
C:\Users\Admin3\Desktop\projectFiles\filesInnova\scan_43aa1f1c-26c9-44e8-b9d9-abb2af18303d\classes\CurrencyConversionHandler.cls:58:	Only variables that are final should contain underscores (except for underscores in standard prefix/suffix), 'Acv_In_Euro' is not final.
C:\Users\Admin3\Desktop\projectFiles\filesInnova\scan_43aa1f1c-26c9-44e8-b9d9-abb2af18303d\classes\CurrencyConversionHandler.cls:58:	Variables should start with a lowercase character, 'Acv_In_Euro' starts with uppercase character.
C:\Users\Admin3\Desktop\projectFiles\filesInnova\scan_43aa1f1c-26c9-44e8-b9d9-abb2af18303d\classes\CurrencyConversionHandler.cls:62:	Deeply nested if..else statements are hard to read
C:\Users\Admin3\Desktop\projectFiles\filesInnova\scan_43aa1f1c-26c9-44e8-b9d9-abb2af18303d\classes\CurrencyConversionHandler.cls:70:	Validate CRUD permission before SOQL/DML operation
C:\Users\Admin3\Desktop\projectFiles\filesInnova\scan_43aa1f1c-26c9-44e8-b9d9-abb2af18303d\classes\CurrencyConversionHandler.cls:76:	Deeply nested if..else statements are hard to read
C:\Users\Admin3\Desktop\projectFiles\filesInnova\scan_43aa1f1c-26c9-44e8-b9d9-abb2af18303d\classes\CurrencyConversionHandler.cls:77:	Avoid using if statements without curly braces
C:\Users\Admin3\Desktop\projectFiles\filesInnova\scan_43aa1f1c-26c9-44e8-b9d9-abb2af18303d\classes\CurrencyConversionHandler.cls:77:	Avoid using if...else statements without curly braces
C:\Users\Admin3\Desktop\projectFiles\filesInnova\scan_43aa1f1c-26c9-44e8-b9d9-abb2af18303d\classes\CurrencyConversionHandler.cls:77:	Validate CRUD permission before SOQL/DML operation
C:\Users\Admin3\Desktop\projectFiles\filesInnova\scan_43aa1f1c-26c9-44e8-b9d9-abb2af18303d\classes\Handler_trgLead.cls:1:	Apex classes should declare a sharing model if DML or SOQL is used
C:\Users\Admin3\Desktop\projectFiles\filesInnova\scan_43aa1f1c-26c9-44e8-b9d9-abb2af18303d\classes\Handler_trgLead.cls:1:	The class 'Handler_trgLead' has a Standard Cyclomatic Complexity of 11 (Highest = 20).
C:\Users\Admin3\Desktop\projectFiles\filesInnova\scan_43aa1f1c-26c9-44e8-b9d9-abb2af18303d\classes\Handler_trgLead.cls:3:	Avoid empty block statements.
C:\Users\Admin3\Desktop\projectFiles\filesInnova\scan_43aa1f1c-26c9-44e8-b9d9-abb2af18303d\classes\Handler_trgLead.cls:8:	Method names should not start with capital letters
C:\Users\Admin3\Desktop\projectFiles\filesInnova\scan_43aa1f1c-26c9-44e8-b9d9-abb2af18303d\classes\Handler_trgLead.cls:8:	The method 'UpdateTierValues' has a Standard Cyclomatic Complexity of 20.
C:\Users\Admin3\Desktop\projectFiles\filesInnova\scan_43aa1f1c-26c9-44e8-b9d9-abb2af18303d\classes\Handler_trgLead.cls:8:	The method 'UpdateTierValues(List<Lead>,Map<Id,Lead>)' has a cyclomatic complexity of 27.
C:\Users\Admin3\Desktop\projectFiles\filesInnova\scan_43aa1f1c-26c9-44e8-b9d9-abb2af18303d\classes\Handler_trgLead.cls:8:	The method UpdateTierValues() has an NCSS line count of 64
C:\Users\Admin3\Desktop\projectFiles\filesInnova\scan_43aa1f1c-26c9-44e8-b9d9-abb2af18303d\classes\Handler_trgLead.cls:8:	Variables should start with a lowercase character, 'TriggerNew' starts with uppercase character.
C:\Users\Admin3\Desktop\projectFiles\filesInnova\scan_43aa1f1c-26c9-44e8-b9d9-abb2af18303d\classes\Handler_trgLead.cls:8:	Variables should start with a lowercase character, 'Triggeroldmap' starts with uppercase character.
C:\Users\Admin3\Desktop\projectFiles\filesInnova\scan_43aa1f1c-26c9-44e8-b9d9-abb2af18303d\classes\Handler_trgLead.cls:10:	Variables should start with a lowercase character, 'DomainSet' starts with uppercase character.
C:\Users\Admin3\Desktop\projectFiles\filesInnova\scan_43aa1f1c-26c9-44e8-b9d9-abb2af18303d\classes\Handler_trgLead.cls:12:	Variables should start with a lowercase character, 'MapOfDomainToAccounts' starts with uppercase character.
C:\Users\Admin3\Desktop\projectFiles\filesInnova\scan_43aa1f1c-26c9-44e8-b9d9-abb2af18303d\classes\Handler_trgLead.cls:18:	Variables should start with a lowercase character, 'CurLead' starts with uppercase character.
C:\Users\Admin3\Desktop\projectFiles\filesInnova\scan_43aa1f1c-26c9-44e8-b9d9-abb2af18303d\classes\Handler_trgLead.cls:34:	Validate CRUD permission before SOQL/DML operation
C:\Users\Admin3\Desktop\projectFiles\filesInnova\scan_43aa1f1c-26c9-44e8-b9d9-abb2af18303d\classes\Handler_trgLead.cls:47:	Variables should start with a lowercase character, 'CurLead' starts with uppercase character.
C:\Users\Admin3\Desktop\projectFiles\filesInnova\scan_43aa1f1c-26c9-44e8-b9d9-abb2af18303d\classes\Handler_trgLead.cls:59:	Deeply nested if..else statements are hard to read
C:\Users\Admin3\Desktop\projectFiles\filesInnova\scan_43aa1f1c-26c9-44e8-b9d9-abb2af18303d\classes\Handler_trgLead.cls:111:	Deeply nested if..else statements are hard to read
C:\Users\Admin3\Desktop\projectFiles\filesInnova\scan_43aa1f1c-26c9-44e8-b9d9-abb2af18303d\classes\Handler_trgLead.cls:121:	Deeply nested if..else statements are hard to read
C:\Users\Admin3\Desktop\projectFiles\filesInnova\scan_43aa1f1c-26c9-44e8-b9d9-abb2af18303d\classes\OpportunityNotifications.cls:1:	Apex classes should declare a sharing model if DML or SOQL is used
C:\Users\Admin3\Desktop\projectFiles\filesInnova\scan_43aa1f1c-26c9-44e8-b9d9-abb2af18303d\classes\OpportunityNotifications.cls:1:	The class 'OpportunityNotifications' has a Standard Cyclomatic Complexity of 10 (Highest = 28).
C:\Users\Admin3\Desktop\projectFiles\filesInnova\scan_43aa1f1c-26c9-44e8-b9d9-abb2af18303d\classes\OpportunityNotifications.cls:1:	The class 'OpportunityNotifications' has a total cyclomatic complexity of 60 (highest 58).
C:\Users\Admin3\Desktop\projectFiles\filesInnova\scan_43aa1f1c-26c9-44e8-b9d9-abb2af18303d\classes\OpportunityNotifications.cls:6:	Method names should not start with capital letters
C:\Users\Admin3\Desktop\projectFiles\filesInnova\scan_43aa1f1c-26c9-44e8-b9d9-abb2af18303d\classes\OpportunityNotifications.cls:6:	The method 'NotifyOwner' has a Standard Cyclomatic Complexity of 28.
C:\Users\Admin3\Desktop\projectFiles\filesInnova\scan_43aa1f1c-26c9-44e8-b9d9-abb2af18303d\classes\OpportunityNotifications.cls:6:	The method 'NotifyOwner(List<Opportunity>)' has a cyclomatic complexity of 58.
C:\Users\Admin3\Desktop\projectFiles\filesInnova\scan_43aa1f1c-26c9-44e8-b9d9-abb2af18303d\classes\OpportunityNotifications.cls:6:	The method NotifyOwner() has an NCSS line count of 120
C:\Users\Admin3\Desktop\projectFiles\filesInnova\scan_43aa1f1c-26c9-44e8-b9d9-abb2af18303d\classes\OpportunityNotifications.cls:8:	Validate CRUD permission before SOQL/DML operation
C:\Users\Admin3\Desktop\projectFiles\filesInnova\scan_43aa1f1c-26c9-44e8-b9d9-abb2af18303d\classes\OpportunityNotifications.cls:14:	Validate CRUD permission before SOQL/DML operation
C:\Users\Admin3\Desktop\projectFiles\filesInnova\scan_43aa1f1c-26c9-44e8-b9d9-abb2af18303d\classes\OpportunityNotifications.cls:18:	Avoid using if statements without curly braces
C:\Users\Admin3\Desktop\projectFiles\filesInnova\scan_43aa1f1c-26c9-44e8-b9d9-abb2af18303d\classes\OpportunityNotifications.cls:18:	Avoid using if...else statements without curly braces
C:\Users\Admin3\Desktop\projectFiles\filesInnova\scan_43aa1f1c-26c9-44e8-b9d9-abb2af18303d\classes\OpportunityNotifications.cls:99:	Avoid using for statements without curly braces
C:\Users\Admin3\Desktop\projectFiles\filesInnova\scan_43aa1f1c-26c9-44e8-b9d9-abb2af18303d\classes\OpportunityNotifications.cls:101:	Avoid using for statements without curly braces
C:\Users\Admin3\Desktop\projectFiles\filesInnova\scan_43aa1f1c-26c9-44e8-b9d9-abb2af18303d\classes\OpportunityNotifications.cls:103:	Avoid using for statements without curly braces
C:\Users\Admin3\Desktop\projectFiles\filesInnova\scan_43aa1f1c-26c9-44e8-b9d9-abb2af18303d\classes\OpportunityNotifications.cls:105:	Avoid using for statements without curly braces
C:\Users\Admin3\Desktop\projectFiles\filesInnova\scan_43aa1f1c-26c9-44e8-b9d9-abb2af18303d\classes\OpportunityNotifications.cls:147:	Avoid using if statements without curly braces
C:\Users\Admin3\Desktop\projectFiles\filesInnova\scan_43aa1f1c-26c9-44e8-b9d9-abb2af18303d\classes\OpportunityNotifications.cls:147:	Avoid using if...else statements without curly braces
C:\Users\Admin3\Desktop\projectFiles\filesInnova\scan_43aa1f1c-26c9-44e8-b9d9-abb2af18303d\classes\OpportunityNotifications.cls:151:	Avoid using if statements without curly braces
C:\Users\Admin3\Desktop\projectFiles\filesInnova\scan_43aa1f1c-26c9-44e8-b9d9-abb2af18303d\classes\OpportunityNotifications.cls:151:	Avoid using if...else statements without curly braces
C:\Users\Admin3\Desktop\projectFiles\filesInnova\scan_43aa1f1c-26c9-44e8-b9d9-abb2af18303d\classes\OpportunityNotifications.cls:151:	Validate CRUD permission before SOQL/DML operation
C:\Users\Admin3\Desktop\projectFiles\filesInnova\scan_43aa1f1c-26c9-44e8-b9d9-abb2af18303d\classes\OpportunityNotificationsScheduler.cls:1:	Apex classes should declare a sharing model if DML or SOQL is used
C:\Users\Admin3\Desktop\projectFiles\filesInnova\scan_43aa1f1c-26c9-44e8-b9d9-abb2af18303d\classes\OpportunityNotificationsScheduler.cls:1:	Avoid using global modifier
C:\Users\Admin3\Desktop\projectFiles\filesInnova\scan_43aa1f1c-26c9-44e8-b9d9-abb2af18303d\classes\OpportunityNotificationsTest.cls:4:	Apex unit test classes should have at least one System.assert() or assertEquals() or AssertNotEquals() call
C:\Users\Admin3\Desktop\projectFiles\filesInnova\scan_43aa1f1c-26c9-44e8-b9d9-abb2af18303d\classes\Opportunitytriggerhandler.cls:11:	Avoid long parameter lists
C:\Users\Admin3\Desktop\projectFiles\filesInnova\scan_43aa1f1c-26c9-44e8-b9d9-abb2af18303d\classes\Opportunitytriggerhandler.cls:11:	The method 'beforeUpdateLogic(List<Opportunity>,List<Opportunity>,Map<Id,Opportunity>,Map<Id,Opportunity>)' has a cyclomatic complexity of 14.
C:\Users\Admin3\Desktop\projectFiles\filesInnova\scan_43aa1f1c-26c9-44e8-b9d9-abb2af18303d\classes\Opportunitytriggerhandler.cls:15:	Variables should start with a lowercase character, 'Opplistforcontactroles' starts with uppercase character.
C:\Users\Admin3\Desktop\projectFiles\filesInnova\scan_43aa1f1c-26c9-44e8-b9d9-abb2af18303d\classes\Opportunitytriggerhandler.cls:16:	Validate CRUD permission before SOQL/DML operation
C:\Users\Admin3\Desktop\projectFiles\filesInnova\scan_43aa1f1c-26c9-44e8-b9d9-abb2af18303d\classes\Opportunitytriggerhandler.cls:27:	Avoid using if statements without curly braces
C:\Users\Admin3\Desktop\projectFiles\filesInnova\scan_43aa1f1c-26c9-44e8-b9d9-abb2af18303d\classes\Opportunitytriggerhandler.cls:27:	Avoid using if...else statements without curly braces
C:\Users\Admin3\Desktop\projectFiles\filesInnova\scan_43aa1f1c-26c9-44e8-b9d9-abb2af18303d\classes\Opportunitytriggerhandler.cls:45:	Variables should start with a lowercase character, 'OpplistToUpdateItsQuotes' starts with uppercase character.
C:\Users\Admin3\Desktop\projectFiles\filesInnova\scan_43aa1f1c-26c9-44e8-b9d9-abb2af18303d\classes\Opportunitytriggerhandler.cls:47:	Variables should start with a lowercase character, 'QuoteListForStatusUpdate' starts with uppercase character.
C:\Users\Admin3\Desktop\projectFiles\filesInnova\scan_43aa1f1c-26c9-44e8-b9d9-abb2af18303d\classes\Opportunitytriggerhandler.cls:48:	Variables should start with a lowercase character, 'Opp' starts with uppercase character.
C:\Users\Admin3\Desktop\projectFiles\filesInnova\scan_43aa1f1c-26c9-44e8-b9d9-abb2af18303d\classes\Opportunitytriggerhandler.cls:50:	Avoid using if statements without curly braces
C:\Users\Admin3\Desktop\projectFiles\filesInnova\scan_43aa1f1c-26c9-44e8-b9d9-abb2af18303d\classes\Opportunitytriggerhandler.cls:50:	Avoid using if...else statements without curly braces
C:\Users\Admin3\Desktop\projectFiles\filesInnova\scan_43aa1f1c-26c9-44e8-b9d9-abb2af18303d\classes\Opportunitytriggerhandler.cls:55:	Variables should start with a lowercase character, 'TempQuote' starts with uppercase character.
C:\Users\Admin3\Desktop\projectFiles\filesInnova\scan_43aa1f1c-26c9-44e8-b9d9-abb2af18303d\classes\Opportunitytriggerhandler.cls:64:	Validate CRUD permission before SOQL/DML operation
C:\Users\Admin3\Desktop\projectFiles\filesInnova\scan_43aa1f1c-26c9-44e8-b9d9-abb2af18303d\classes\Opportunitytriggerhandler.cls:67:	Method names should not start with capital letters
C:\Users\Admin3\Desktop\projectFiles\filesInnova\scan_43aa1f1c-26c9-44e8-b9d9-abb2af18303d\classes\Opportunitytriggerhandler.cls:67:	The method 'UpdateFirstWonOpportunity(List<Opportunity>,Map<Id,Opportunity>)' has a cyclomatic complexity of 12.
C:\Users\Admin3\Desktop\projectFiles\filesInnova\scan_43aa1f1c-26c9-44e8-b9d9-abb2af18303d\classes\Opportunitytriggerhandler.cls:73:	Avoid using if statements without curly braces
C:\Users\Admin3\Desktop\projectFiles\filesInnova\scan_43aa1f1c-26c9-44e8-b9d9-abb2af18303d\classes\Opportunitytriggerhandler.cls:73:	Avoid using if...else statements without curly braces
C:\Users\Admin3\Desktop\projectFiles\filesInnova\scan_43aa1f1c-26c9-44e8-b9d9-abb2af18303d\classes\Opportunitytriggerhandler.cls:82:	Avoid using if statements without curly braces
C:\Users\Admin3\Desktop\projectFiles\filesInnova\scan_43aa1f1c-26c9-44e8-b9d9-abb2af18303d\classes\Opportunitytriggerhandler.cls:82:	Avoid using if...else statements without curly braces
C:\Users\Admin3\Desktop\projectFiles\filesInnova\scan_43aa1f1c-26c9-44e8-b9d9-abb2af18303d\classes\Opportunitytriggerhandler.cls:92:	Avoid using if statements without curly braces
C:\Users\Admin3\Desktop\projectFiles\filesInnova\scan_43aa1f1c-26c9-44e8-b9d9-abb2af18303d\classes\Opportunitytriggerhandler.cls:92:	Avoid using if...else statements without curly braces
C:\Users\Admin3\Desktop\projectFiles\filesInnova\scan_43aa1f1c-26c9-44e8-b9d9-abb2af18303d\classes\Opportunitytriggerhandler.cls:92:	Validate CRUD permission before SOQL/DML operation
C:\Users\Admin3\Desktop\projectFiles\filesInnova\scan_43aa1f1c-26c9-44e8-b9d9-abb2af18303d\classes\ReassignLeads.cls:1:	Apex classes should declare a sharing model if DML or SOQL is used
C:\Users\Admin3\Desktop\projectFiles\filesInnova\scan_43aa1f1c-26c9-44e8-b9d9-abb2af18303d\classes\ReassignLeads.cls:5:	Classes should not have non-constructor methods with the same name as the class
C:\Users\Admin3\Desktop\projectFiles\filesInnova\scan_43aa1f1c-26c9-44e8-b9d9-abb2af18303d\classes\ReassignLeads.cls:7:	Validate CRUD permission before SOQL/DML operation
C:\Users\Admin3\Desktop\projectFiles\filesInnova\scan_43aa1f1c-26c9-44e8-b9d9-abb2af18303d\classes\Schedule_AutoLeadConversionBatch.cls:8:	Apex classes should declare a sharing model if DML or SOQL is used
C:\Users\Admin3\Desktop\projectFiles\filesInnova\scan_43aa1f1c-26c9-44e8-b9d9-abb2af18303d\classes\Schedule_AutoLeadConversionBatch.cls:8:	Avoid using global modifier
C:\Users\Admin3\Desktop\projectFiles\filesInnova\scan_43aa1f1c-26c9-44e8-b9d9-abb2af18303d\classes\Schedule_AutoLeadConversionBatch.cls:9:	Variables should start with a lowercase character, 'SC' starts with uppercase character.
C:\Users\Admin3\Desktop\projectFiles\filesInnova\scan_43aa1f1c-26c9-44e8-b9d9-abb2af18303d\classes\SchedulebatchLeadTierUpdate.cls:1:	Apex classes should declare a sharing model if DML or SOQL is used
C:\Users\Admin3\Desktop\projectFiles\filesInnova\scan_43aa1f1c-26c9-44e8-b9d9-abb2af18303d\classes\SchedulebatchLeadTierUpdate.cls:1:	Avoid using global modifier
C:\Users\Admin3\Desktop\projectFiles\filesInnova\scan_43aa1f1c-26c9-44e8-b9d9-abb2af18303d\classes\SchedulebatchLeadTierUpdate.cls:2:	Variables should start with a lowercase character, 'SC' starts with uppercase character.
C:\Users\Admin3\Desktop\projectFiles\filesInnova\scan_43aa1f1c-26c9-44e8-b9d9-abb2af18303d\classes\TestCurrencyConvHandler_Opp.cls:3:	Apex unit test classes should have at least one System.assert() or assertEquals() or AssertNotEquals() call
C:\Users\Admin3\Desktop\projectFiles\filesInnova\scan_43aa1f1c-26c9-44e8-b9d9-abb2af18303d\classes\TestCurrencyConversionHandler.cls:80:	Only variables that are final should contain underscores (except for underscores in standard prefix/suffix), 'acv_value' is not final.
C:\Users\Admin3\Desktop\projectFiles\filesInnova\scan_43aa1f1c-26c9-44e8-b9d9-abb2af18303d\classes\TestCurrencyConversionHandler.cls:82:	Avoid using if statements without curly braces
C:\Users\Admin3\Desktop\projectFiles\filesInnova\scan_43aa1f1c-26c9-44e8-b9d9-abb2af18303d\classes\TestCurrencyConversionHandler.cls:82:	Avoid using if...else statements without curly braces
C:\Users\Admin3\Desktop\projectFiles\filesInnova\scan_43aa1f1c-26c9-44e8-b9d9-abb2af18303d\classes\TestCurrencyConversionHandler.cls:84:	Avoid using if statements without curly braces
C:\Users\Admin3\Desktop\projectFiles\filesInnova\scan_43aa1f1c-26c9-44e8-b9d9-abb2af18303d\classes\TestCurrencyConversionHandler.cls:84:	Avoid using if...else statements without curly braces
C:\Users\Admin3\Desktop\projectFiles\filesInnova\scan_43aa1f1c-26c9-44e8-b9d9-abb2af18303d\classes\TestCurrencyConversionHandler.cls:86:	Avoid using if statements without curly braces
C:\Users\Admin3\Desktop\projectFiles\filesInnova\scan_43aa1f1c-26c9-44e8-b9d9-abb2af18303d\classes\TestCurrencyConversionHandler.cls:86:	Avoid using if...else statements without curly braces
C:\Users\Admin3\Desktop\projectFiles\filesInnova\scan_43aa1f1c-26c9-44e8-b9d9-abb2af18303d\classes\TestCurrencyConversionHandler.cls:88:	Avoid using if statements without curly braces
C:\Users\Admin3\Desktop\projectFiles\filesInnova\scan_43aa1f1c-26c9-44e8-b9d9-abb2af18303d\classes\TestCurrencyConversionHandler.cls:88:	Avoid using if...else statements without curly braces
C:\Users\Admin3\Desktop\projectFiles\filesInnova\scan_43aa1f1c-26c9-44e8-b9d9-abb2af18303d\classes\Test_AutoLeadConversionBatch.cls:10:	Apex unit test classes should have at least one System.assert() or assertEquals() or AssertNotEquals() call
C:\Users\Admin3\Desktop\projectFiles\filesInnova\scan_43aa1f1c-26c9-44e8-b9d9-abb2af18303d\classes\Test_Trg_Opportunity.cls:9:	@isTest(seeAllData=true) should not be used in Apex unit tests because it opens up the existing database data for unexpected modification by tests
C:\Users\Admin3\Desktop\projectFiles\filesInnova\scan_43aa1f1c-26c9-44e8-b9d9-abb2af18303d\classes\Test_Trg_Opportunity.cls:11:	Apex unit test classes should have at least one System.assert() or assertEquals() or AssertNotEquals() call
C:\Users\Admin3\Desktop\projectFiles\filesInnova\scan_43aa1f1c-26c9-44e8-b9d9-abb2af18303d\classes\Test_TriggerOnQuoteLine.cls:12:	Apex unit test classes should have at least one System.assert() or assertEquals() or AssertNotEquals() call
C:\Users\Admin3\Desktop\projectFiles\filesInnova\scan_43aa1f1c-26c9-44e8-b9d9-abb2af18303d\classes\Test_TriggerOnQuoteLine.cls:17:	Variables should start with a lowercase character, 'SolutionGps' starts with uppercase character.
C:\Users\Admin3\Desktop\projectFiles\filesInnova\scan_43aa1f1c-26c9-44e8-b9d9-abb2af18303d\classes\Test_TriggerOnQuoteLine.cls:27:	Variables should start with a lowercase character, 'Prod' starts with uppercase character.
C:\Users\Admin3\Desktop\projectFiles\filesInnova\scan_43aa1f1c-26c9-44e8-b9d9-abb2af18303d\classes\Test_TriggerOnQuoteLine.cls:29:	Variables should start with a lowercase character, 'Prod2' starts with uppercase character.
C:\Users\Admin3\Desktop\projectFiles\filesInnova\scan_43aa1f1c-26c9-44e8-b9d9-abb2af18303d\classes\Test_TriggerOnQuoteLine.cls:37:	Variables should start with a lowercase character, 'Quotes' starts with uppercase character.
C:\Users\Admin3\Desktop\projectFiles\filesInnova\scan_43aa1f1c-26c9-44e8-b9d9-abb2af18303d\classes\Test_TriggerOnQuoteLine.cls:58:	Apex unit test classes should have at least one System.assert() or assertEquals() or AssertNotEquals() call
C:\Users\Admin3\Desktop\projectFiles\filesInnova\scan_43aa1f1c-26c9-44e8-b9d9-abb2af18303d\classes\Test_TriggerOnQuoteLine.cls:63:	Variables should start with a lowercase character, 'SolutionGps' starts with uppercase character.
C:\Users\Admin3\Desktop\projectFiles\filesInnova\scan_43aa1f1c-26c9-44e8-b9d9-abb2af18303d\classes\Test_TriggerOnQuoteLine.cls:73:	Variables should start with a lowercase character, 'Prod' starts with uppercase character.
C:\Users\Admin3\Desktop\projectFiles\filesInnova\scan_43aa1f1c-26c9-44e8-b9d9-abb2af18303d\classes\Test_TriggerOnQuoteLine.cls:75:	Variables should start with a lowercase character, 'Prod2' starts with uppercase character.
C:\Users\Admin3\Desktop\projectFiles\filesInnova\scan_43aa1f1c-26c9-44e8-b9d9-abb2af18303d\classes\Test_TriggerOnQuoteLine.cls:83:	Variables should start with a lowercase character, 'Quotes' starts with uppercase character.
C:\Users\Admin3\Desktop\projectFiles\filesInnova\scan_43aa1f1c-26c9-44e8-b9d9-abb2af18303d\classes\Test_cls_OpportunityViewPage.cls:3:	Apex unit test classes should have at least one System.assert() or assertEquals() or AssertNotEquals() call
C:\Users\Admin3\Desktop\projectFiles\filesInnova\scan_43aa1f1c-26c9-44e8-b9d9-abb2af18303d\classes\TestbatchLeadTierUpdate.cls:4:	Method names should not start with capital letters
C:\Users\Admin3\Desktop\projectFiles\filesInnova\scan_43aa1f1c-26c9-44e8-b9d9-abb2af18303d\classes\TestbatchLeadTierUpdate.cls:29:	Apex unit test classes should have at least one System.assert() or assertEquals() or AssertNotEquals() call
C:\Users\Admin3\Desktop\projectFiles\filesInnova\scan_43aa1f1c-26c9-44e8-b9d9-abb2af18303d\classes\TestbatchLeadTierUpdate.cls:29:	Method names should not start with capital letters
C:\Users\Admin3\Desktop\projectFiles\filesInnova\scan_43aa1f1c-26c9-44e8-b9d9-abb2af18303d\classes\TestbatchLeadTierUpdate.cls:73:	Apex unit test classes should have at least one System.assert() or assertEquals() or AssertNotEquals() call
C:\Users\Admin3\Desktop\projectFiles\filesInnova\scan_43aa1f1c-26c9-44e8-b9d9-abb2af18303d\classes\TestbatchLeadTierUpdate.cls:73:	Method names should not start with capital letters
C:\Users\Admin3\Desktop\projectFiles\filesInnova\scan_43aa1f1c-26c9-44e8-b9d9-abb2af18303d\classes\Testtrg_Lead.cls:4:	Method names should not start with capital letters
C:\Users\Admin3\Desktop\projectFiles\filesInnova\scan_43aa1f1c-26c9-44e8-b9d9-abb2af18303d\classes\Testtrg_Lead.cls:20:	Method names should not start with capital letters
C:\Users\Admin3\Desktop\projectFiles\filesInnova\scan_43aa1f1c-26c9-44e8-b9d9-abb2af18303d\classes\Testtrg_Lead.cls:37:	Method names should not start with capital letters
C:\Users\Admin3\Desktop\projectFiles\filesInnova\scan_43aa1f1c-26c9-44e8-b9d9-abb2af18303d\classes\Testtrg_Lead.cls:54:	Method names should not start with capital letters
C:\Users\Admin3\Desktop\projectFiles\filesInnova\scan_43aa1f1c-26c9-44e8-b9d9-abb2af18303d\classes\Testtrg_Lead.cls:91:	Method names should not start with capital letters
C:\Users\Admin3\Desktop\projectFiles\filesInnova\scan_43aa1f1c-26c9-44e8-b9d9-abb2af18303d\classes\Testtrg_Lead.cls:130:	Apex unit test classes should have at least one System.assert() or assertEquals() or AssertNotEquals() call
C:\Users\Admin3\Desktop\projectFiles\filesInnova\scan_43aa1f1c-26c9-44e8-b9d9-abb2af18303d\classes\Testtrg_Lead.cls:130:	Method names should not start with capital letters
C:\Users\Admin3\Desktop\projectFiles\filesInnova\scan_43aa1f1c-26c9-44e8-b9d9-abb2af18303d\classes\TriggerOnQuoteLine_Handler.cls:1:	Apex classes should declare a sharing model if DML or SOQL is used
C:\Users\Admin3\Desktop\projectFiles\filesInnova\scan_43aa1f1c-26c9-44e8-b9d9-abb2af18303d\classes\TriggerOnQuoteLine_Handler.cls:1:	The class 'TriggerOnQuoteLine_Handler' has a Standard Cyclomatic Complexity of 54 (Highest = 53).
C:\Users\Admin3\Desktop\projectFiles\filesInnova\scan_43aa1f1c-26c9-44e8-b9d9-abb2af18303d\classes\TriggerOnQuoteLine_Handler.cls:1:	The class 'TriggerOnQuoteLine_Handler' has a total cyclomatic complexity of 57 (highest 57).
C:\Users\Admin3\Desktop\projectFiles\filesInnova\scan_43aa1f1c-26c9-44e8-b9d9-abb2af18303d\classes\TriggerOnQuoteLine_Handler.cls:3:	Method names should not start with capital letters
C:\Users\Admin3\Desktop\projectFiles\filesInnova\scan_43aa1f1c-26c9-44e8-b9d9-abb2af18303d\classes\TriggerOnQuoteLine_Handler.cls:3:	The method 'TriggerHandler' has a Standard Cyclomatic Complexity of 53.
C:\Users\Admin3\Desktop\projectFiles\filesInnova\scan_43aa1f1c-26c9-44e8-b9d9-abb2af18303d\classes\TriggerOnQuoteLine_Handler.cls:3:	The method 'TriggerHandler(Boolean,List<SBQQ__QuoteLine__c>)' has a cyclomatic complexity of 57.
C:\Users\Admin3\Desktop\projectFiles\filesInnova\scan_43aa1f1c-26c9-44e8-b9d9-abb2af18303d\classes\TriggerOnQuoteLine_Handler.cls:3:	The method TriggerHandler() has an NCSS line count of 174
C:\Users\Admin3\Desktop\projectFiles\filesInnova\scan_43aa1f1c-26c9-44e8-b9d9-abb2af18303d\classes\TriggerOnQuoteLine_Handler.cls:3:	Variables should start with a lowercase character, 'QuoteLineItems' starts with uppercase character.
C:\Users\Admin3\Desktop\projectFiles\filesInnova\scan_43aa1f1c-26c9-44e8-b9d9-abb2af18303d\classes\TriggerOnQuoteLine_Handler.cls:6:	Variables should start with a lowercase character, 'QuotesToBeUpdated' starts with uppercase character.
C:\Users\Admin3\Desktop\projectFiles\filesInnova\scan_43aa1f1c-26c9-44e8-b9d9-abb2af18303d\classes\TriggerOnQuoteLine_Handler.cls:7:	Variables should start with a lowercase character, 'OppToBeUpdated' starts with uppercase character.
C:\Users\Admin3\Desktop\projectFiles\filesInnova\scan_43aa1f1c-26c9-44e8-b9d9-abb2af18303d\classes\TriggerOnQuoteLine_Handler.cls:8:	Variables should start with a lowercase character, 'ToBeDeletedLines' starts with uppercase character.
C:\Users\Admin3\Desktop\projectFiles\filesInnova\scan_43aa1f1c-26c9-44e8-b9d9-abb2af18303d\classes\TriggerOnQuoteLine_Handler.cls:17:	Variables should start with a lowercase character, 'QueryStr' starts with uppercase character.
C:\Users\Admin3\Desktop\projectFiles\filesInnova\scan_43aa1f1c-26c9-44e8-b9d9-abb2af18303d\classes\TriggerOnQuoteLine_Handler.cls:25:	Variables should start with a lowercase character, 'QueryResult' starts with uppercase character.
C:\Users\Admin3\Desktop\projectFiles\filesInnova\scan_43aa1f1c-26c9-44e8-b9d9-abb2af18303d\classes\TriggerOnQuoteLine_Handler.cls:33:	Avoid using if statements without curly braces
C:\Users\Admin3\Desktop\projectFiles\filesInnova\scan_43aa1f1c-26c9-44e8-b9d9-abb2af18303d\classes\TriggerOnQuoteLine_Handler.cls:33:	Avoid using if...else statements without curly braces
C:\Users\Admin3\Desktop\projectFiles\filesInnova\scan_43aa1f1c-26c9-44e8-b9d9-abb2af18303d\classes\TriggerOnQuoteLine_Handler.cls:35:	Avoid using if...else statements without curly braces
C:\Users\Admin3\Desktop\projectFiles\filesInnova\scan_43aa1f1c-26c9-44e8-b9d9-abb2af18303d\classes\TriggerOnQuoteLine_Handler.cls:41:	Variables should start with a lowercase character, 'TempQuote' starts with uppercase character.
C:\Users\Admin3\Desktop\projectFiles\filesInnova\scan_43aa1f1c-26c9-44e8-b9d9-abb2af18303d\classes\TriggerOnQuoteLine_Handler.cls:42:	Variables should start with a lowercase character, 'TempOpp' starts with uppercase character.
C:\Users\Admin3\Desktop\projectFiles\filesInnova\scan_43aa1f1c-26c9-44e8-b9d9-abb2af18303d\classes\TriggerOnQuoteLine_Handler.cls:43:	Variables should start with a lowercase character, 'TempMaxLicenseDiscount' starts with uppercase character.
C:\Users\Admin3\Desktop\projectFiles\filesInnova\scan_43aa1f1c-26c9-44e8-b9d9-abb2af18303d\classes\TriggerOnQuoteLine_Handler.cls:44:	Variables should start with a lowercase character, 'TempMinLicenseDiscount' starts with uppercase character.
C:\Users\Admin3\Desktop\projectFiles\filesInnova\scan_43aa1f1c-26c9-44e8-b9d9-abb2af18303d\classes\TriggerOnQuoteLine_Handler.cls:45:	Variables should start with a lowercase character, 'TempSupportDiscount' starts with uppercase character.
C:\Users\Admin3\Desktop\projectFiles\filesInnova\scan_43aa1f1c-26c9-44e8-b9d9-abb2af18303d\classes\TriggerOnQuoteLine_Handler.cls:46:	Variables should start with a lowercase character, 'PSOAmount' starts with uppercase character.
C:\Users\Admin3\Desktop\projectFiles\filesInnova\scan_43aa1f1c-26c9-44e8-b9d9-abb2af18303d\classes\TriggerOnQuoteLine_Handler.cls:47:	Variables should start with a lowercase character, 'PerpTotal' starts with uppercase character.
C:\Users\Admin3\Desktop\projectFiles\filesInnova\scan_43aa1f1c-26c9-44e8-b9d9-abb2af18303d\classes\TriggerOnQuoteLine_Handler.cls:48:	Variables should start with a lowercase character, 'SubTotal' starts with uppercase character.
C:\Users\Admin3\Desktop\projectFiles\filesInnova\scan_43aa1f1c-26c9-44e8-b9d9-abb2af18303d\classes\TriggerOnQuoteLine_Handler.cls:49:	Variables should start with a lowercase character, 'SuppTotal' starts with uppercase character.
C:\Users\Admin3\Desktop\projectFiles\filesInnova\scan_43aa1f1c-26c9-44e8-b9d9-abb2af18303d\classes\TriggerOnQuoteLine_Handler.cls:50:	Variables should start with a lowercase character, 'Term' starts with uppercase character.
C:\Users\Admin3\Desktop\projectFiles\filesInnova\scan_43aa1f1c-26c9-44e8-b9d9-abb2af18303d\classes\TriggerOnQuoteLine_Handler.cls:51:	Variables should start with a lowercase character, 'AnnualContractValue' starts with uppercase character.
C:\Users\Admin3\Desktop\projectFiles\filesInnova\scan_43aa1f1c-26c9-44e8-b9d9-abb2af18303d\classes\TriggerOnQuoteLine_Handler.cls:52:	Variables should start with a lowercase character, 'ConnectProductCount' starts with uppercase character.
C:\Users\Admin3\Desktop\projectFiles\filesInnova\scan_43aa1f1c-26c9-44e8-b9d9-abb2af18303d\classes\TriggerOnQuoteLine_Handler.cls:88:	Deeply nested if..else statements are hard to read
C:\Users\Admin3\Desktop\projectFiles\filesInnova\scan_43aa1f1c-26c9-44e8-b9d9-abb2af18303d\classes\TriggerOnQuoteLine_Handler.cls:94:	Deeply nested if..else statements are hard to read
C:\Users\Admin3\Desktop\projectFiles\filesInnova\scan_43aa1f1c-26c9-44e8-b9d9-abb2af18303d\classes\TriggerOnQuoteLine_Handler.cls:105:	Deeply nested if..else statements are hard to read
C:\Users\Admin3\Desktop\projectFiles\filesInnova\scan_43aa1f1c-26c9-44e8-b9d9-abb2af18303d\classes\TriggerOnQuoteLine_Handler.cls:111:	Deeply nested if..else statements are hard to read
C:\Users\Admin3\Desktop\projectFiles\filesInnova\scan_43aa1f1c-26c9-44e8-b9d9-abb2af18303d\classes\TriggerOnQuoteLine_Handler.cls:121:	Deeply nested if..else statements are hard to read
C:\Users\Admin3\Desktop\projectFiles\filesInnova\scan_43aa1f1c-26c9-44e8-b9d9-abb2af18303d\classes\TriggerOnQuoteLine_Handler.cls:127:	Deeply nested if..else statements are hard to read
C:\Users\Admin3\Desktop\projectFiles\filesInnova\scan_43aa1f1c-26c9-44e8-b9d9-abb2af18303d\classes\TriggerOnQuoteLine_Handler.cls:134:	Deeply nested if..else statements are hard to read
C:\Users\Admin3\Desktop\projectFiles\filesInnova\scan_43aa1f1c-26c9-44e8-b9d9-abb2af18303d\classes\TriggerOnQuoteLine_Handler.cls:142:	Deeply nested if..else statements are hard to read
C:\Users\Admin3\Desktop\projectFiles\filesInnova\scan_43aa1f1c-26c9-44e8-b9d9-abb2af18303d\classes\TriggerOnQuoteLine_Handler.cls:147:	Deeply nested if..else statements are hard to read
C:\Users\Admin3\Desktop\projectFiles\filesInnova\scan_43aa1f1c-26c9-44e8-b9d9-abb2af18303d\classes\TriggerOnQuoteLine_Handler.cls:152:	Deeply nested if..else statements are hard to read
C:\Users\Admin3\Desktop\projectFiles\filesInnova\scan_43aa1f1c-26c9-44e8-b9d9-abb2af18303d\classes\TriggerOnQuoteLine_Handler.cls:157:	Deeply nested if..else statements are hard to read
C:\Users\Admin3\Desktop\projectFiles\filesInnova\scan_43aa1f1c-26c9-44e8-b9d9-abb2af18303d\classes\TriggerOnQuoteLine_Handler.cls:166:	Avoid using if statements without curly braces
C:\Users\Admin3\Desktop\projectFiles\filesInnova\scan_43aa1f1c-26c9-44e8-b9d9-abb2af18303d\classes\TriggerOnQuoteLine_Handler.cls:166:	Avoid using if...else statements without curly braces
C:\Users\Admin3\Desktop\projectFiles\filesInnova\scan_43aa1f1c-26c9-44e8-b9d9-abb2af18303d\classes\TriggerOnQuoteLine_Handler.cls:168:	Avoid using if statements without curly braces
C:\Users\Admin3\Desktop\projectFiles\filesInnova\scan_43aa1f1c-26c9-44e8-b9d9-abb2af18303d\classes\TriggerOnQuoteLine_Handler.cls:168:	Avoid using if...else statements without curly braces
C:\Users\Admin3\Desktop\projectFiles\filesInnova\scan_43aa1f1c-26c9-44e8-b9d9-abb2af18303d\classes\TriggerOnQuoteLine_Handler.cls:170:	Avoid using if statements without curly braces
C:\Users\Admin3\Desktop\projectFiles\filesInnova\scan_43aa1f1c-26c9-44e8-b9d9-abb2af18303d\classes\TriggerOnQuoteLine_Handler.cls:170:	Avoid using if...else statements without curly braces
C:\Users\Admin3\Desktop\projectFiles\filesInnova\scan_43aa1f1c-26c9-44e8-b9d9-abb2af18303d\classes\TriggerOnQuoteLine_Handler.cls:212:	Validate CRUD permission before SOQL/DML operation
C:\Users\Admin3\Desktop\projectFiles\filesInnova\scan_43aa1f1c-26c9-44e8-b9d9-abb2af18303d\classes\TriggerOnQuoteLine_Handler.cls:224:	Variables should start with a lowercase character, 'TempQuote' starts with uppercase character.
C:\Users\Admin3\Desktop\projectFiles\filesInnova\scan_43aa1f1c-26c9-44e8-b9d9-abb2af18303d\classes\TriggerOnQuoteLine_Handler.cls:225:	Variables should start with a lowercase character, 'TempOpp' starts with uppercase character.
C:\Users\Admin3\Desktop\projectFiles\filesInnova\scan_43aa1f1c-26c9-44e8-b9d9-abb2af18303d\classes\TriggerOnQuoteLine_Handler.cls:240:	Validate CRUD permission before SOQL/DML operation
C:\Users\Admin3\Desktop\projectFiles\filesInnova\scan_43aa1f1c-26c9-44e8-b9d9-abb2af18303d\classes\TriggerOnQuoteLine_Handler.cls:241:	Validate CRUD permission before SOQL/DML operation
C:\Users\Admin3\Desktop\projectFiles\filesInnova\scan_43aa1f1c-26c9-44e8-b9d9-abb2af18303d\classes\TriggerOnQuote_Handler.cls:1:	Apex classes should declare a sharing model if DML or SOQL is used
C:\Users\Admin3\Desktop\projectFiles\filesInnova\scan_43aa1f1c-26c9-44e8-b9d9-abb2af18303d\classes\TriggerOnQuote_Handler.cls:1:	The class 'TriggerOnQuote_Handler' has a Standard Cyclomatic Complexity of 37 (Highest = 48).
C:\Users\Admin3\Desktop\projectFiles\filesInnova\scan_43aa1f1c-26c9-44e8-b9d9-abb2af18303d\classes\TriggerOnQuote_Handler.cls:1:	The class 'TriggerOnQuote_Handler' has a total cyclomatic complexity of 79 (highest 51).
C:\Users\Admin3\Desktop\projectFiles\filesInnova\scan_43aa1f1c-26c9-44e8-b9d9-abb2af18303d\classes\TriggerOnQuote_Handler.cls:2:	Method names should not contain underscores
C:\Users\Admin3\Desktop\projectFiles\filesInnova\scan_43aa1f1c-26c9-44e8-b9d9-abb2af18303d\classes\TriggerOnQuote_Handler.cls:2:	Method names should not start with capital letters
C:\Users\Admin3\Desktop\projectFiles\filesInnova\scan_43aa1f1c-26c9-44e8-b9d9-abb2af18303d\classes\TriggerOnQuote_Handler.cls:2:	The method 'TriggerHandler_BeforeUpdate' has a Standard Cyclomatic Complexity of 48.
C:\Users\Admin3\Desktop\projectFiles\filesInnova\scan_43aa1f1c-26c9-44e8-b9d9-abb2af18303d\classes\TriggerOnQuote_Handler.cls:2:	The method 'TriggerHandler_BeforeUpdate(List<SBQQ__Quote__c>)' has a cyclomatic complexity of 51.
C:\Users\Admin3\Desktop\projectFiles\filesInnova\scan_43aa1f1c-26c9-44e8-b9d9-abb2af18303d\classes\TriggerOnQuote_Handler.cls:2:	The method TriggerHandler_BeforeUpdate() has an NCSS line count of 155
C:\Users\Admin3\Desktop\projectFiles\filesInnova\scan_43aa1f1c-26c9-44e8-b9d9-abb2af18303d\classes\TriggerOnQuote_Handler.cls:2:	Variables should start with a lowercase character, 'QuotesToBeUpdated' starts with uppercase character.
C:\Users\Admin3\Desktop\projectFiles\filesInnova\scan_43aa1f1c-26c9-44e8-b9d9-abb2af18303d\classes\TriggerOnQuote_Handler.cls:7:	Variables should start with a lowercase character, 'Quotes' starts with uppercase character.
C:\Users\Admin3\Desktop\projectFiles\filesInnova\scan_43aa1f1c-26c9-44e8-b9d9-abb2af18303d\classes\TriggerOnQuote_Handler.cls:11:	Avoid using if statements without curly braces
C:\Users\Admin3\Desktop\projectFiles\filesInnova\scan_43aa1f1c-26c9-44e8-b9d9-abb2af18303d\classes\TriggerOnQuote_Handler.cls:11:	Avoid using if...else statements without curly braces
C:\Users\Admin3\Desktop\projectFiles\filesInnova\scan_43aa1f1c-26c9-44e8-b9d9-abb2af18303d\classes\TriggerOnQuote_Handler.cls:13:	Avoid using if...else statements without curly braces
C:\Users\Admin3\Desktop\projectFiles\filesInnova\scan_43aa1f1c-26c9-44e8-b9d9-abb2af18303d\classes\TriggerOnQuote_Handler.cls:19:	Validate CRUD permission before SOQL/DML operation
C:\Users\Admin3\Desktop\projectFiles\filesInnova\scan_43aa1f1c-26c9-44e8-b9d9-abb2af18303d\classes\TriggerOnQuote_Handler.cls:23:	Variables should start with a lowercase character, 'QL' starts with uppercase character.
C:\Users\Admin3\Desktop\projectFiles\filesInnova\scan_43aa1f1c-26c9-44e8-b9d9-abb2af18303d\classes\TriggerOnQuote_Handler.cls:25:	Avoid using if statements without curly braces
C:\Users\Admin3\Desktop\projectFiles\filesInnova\scan_43aa1f1c-26c9-44e8-b9d9-abb2af18303d\classes\TriggerOnQuote_Handler.cls:25:	Avoid using if...else statements without curly braces
C:\Users\Admin3\Desktop\projectFiles\filesInnova\scan_43aa1f1c-26c9-44e8-b9d9-abb2af18303d\classes\TriggerOnQuote_Handler.cls:27:	Avoid using if...else statements without curly braces
C:\Users\Admin3\Desktop\projectFiles\filesInnova\scan_43aa1f1c-26c9-44e8-b9d9-abb2af18303d\classes\TriggerOnQuote_Handler.cls:30:	Variables should start with a lowercase character, 'TempQuote' starts with uppercase character.
C:\Users\Admin3\Desktop\projectFiles\filesInnova\scan_43aa1f1c-26c9-44e8-b9d9-abb2af18303d\classes\TriggerOnQuote_Handler.cls:35:	Variables should start with a lowercase character, 'TempMaxLicenseDiscount' starts with uppercase character.
C:\Users\Admin3\Desktop\projectFiles\filesInnova\scan_43aa1f1c-26c9-44e8-b9d9-abb2af18303d\classes\TriggerOnQuote_Handler.cls:36:	Variables should start with a lowercase character, 'TempMinLicenseDiscount' starts with uppercase character.
C:\Users\Admin3\Desktop\projectFiles\filesInnova\scan_43aa1f1c-26c9-44e8-b9d9-abb2af18303d\classes\TriggerOnQuote_Handler.cls:37:	Variables should start with a lowercase character, 'TempSupportDiscount' starts with uppercase character.
C:\Users\Admin3\Desktop\projectFiles\filesInnova\scan_43aa1f1c-26c9-44e8-b9d9-abb2af18303d\classes\TriggerOnQuote_Handler.cls:38:	Variables should start with a lowercase character, 'PSOAmount' starts with uppercase character.
C:\Users\Admin3\Desktop\projectFiles\filesInnova\scan_43aa1f1c-26c9-44e8-b9d9-abb2af18303d\classes\TriggerOnQuote_Handler.cls:39:	Variables should start with a lowercase character, 'PerpTotal' starts with uppercase character.
C:\Users\Admin3\Desktop\projectFiles\filesInnova\scan_43aa1f1c-26c9-44e8-b9d9-abb2af18303d\classes\TriggerOnQuote_Handler.cls:40:	Variables should start with a lowercase character, 'SubTotal' starts with uppercase character.
C:\Users\Admin3\Desktop\projectFiles\filesInnova\scan_43aa1f1c-26c9-44e8-b9d9-abb2af18303d\classes\TriggerOnQuote_Handler.cls:41:	Variables should start with a lowercase character, 'SuppTotal' starts with uppercase character.
C:\Users\Admin3\Desktop\projectFiles\filesInnova\scan_43aa1f1c-26c9-44e8-b9d9-abb2af18303d\classes\TriggerOnQuote_Handler.cls:42:	Variables should start with a lowercase character, 'Term' starts with uppercase character.
C:\Users\Admin3\Desktop\projectFiles\filesInnova\scan_43aa1f1c-26c9-44e8-b9d9-abb2af18303d\classes\TriggerOnQuote_Handler.cls:43:	Variables should start with a lowercase character, 'AnnualContractValue' starts with uppercase character.
C:\Users\Admin3\Desktop\projectFiles\filesInnova\scan_43aa1f1c-26c9-44e8-b9d9-abb2af18303d\classes\TriggerOnQuote_Handler.cls:45:	Variables should start with a lowercase character, 'AggregateLicenseDiscount' starts with uppercase character.
C:\Users\Admin3\Desktop\projectFiles\filesInnova\scan_43aa1f1c-26c9-44e8-b9d9-abb2af18303d\classes\TriggerOnQuote_Handler.cls:46:	Variables should start with a lowercase character, 'SumOfNetTotalsExcludingSAP' starts with uppercase character.
C:\Users\Admin3\Desktop\projectFiles\filesInnova\scan_43aa1f1c-26c9-44e8-b9d9-abb2af18303d\classes\TriggerOnQuote_Handler.cls:47:	Variables should start with a lowercase character, 'SumOfListUnitPrices' starts with uppercase character.
C:\Users\Admin3\Desktop\projectFiles\filesInnova\scan_43aa1f1c-26c9-44e8-b9d9-abb2af18303d\classes\TriggerOnQuote_Handler.cls:48:	Variables should start with a lowercase character, 'SumOfPerpetualNetTotals' starts with uppercase character.
C:\Users\Admin3\Desktop\projectFiles\filesInnova\scan_43aa1f1c-26c9-44e8-b9d9-abb2af18303d\classes\TriggerOnQuote_Handler.cls:49:	Variables should start with a lowercase character, 'SumOfSupportTotals' starts with uppercase character.
C:\Users\Admin3\Desktop\projectFiles\filesInnova\scan_43aa1f1c-26c9-44e8-b9d9-abb2af18303d\classes\TriggerOnQuote_Handler.cls:62:	Deeply nested if..else statements are hard to read
C:\Users\Admin3\Desktop\projectFiles\filesInnova\scan_43aa1f1c-26c9-44e8-b9d9-abb2af18303d\classes\TriggerOnQuote_Handler.cls:68:	Deeply nested if..else statements are hard to read
C:\Users\Admin3\Desktop\projectFiles\filesInnova\scan_43aa1f1c-26c9-44e8-b9d9-abb2af18303d\classes\TriggerOnQuote_Handler.cls:77:	Deeply nested if..else statements are hard to read
C:\Users\Admin3\Desktop\projectFiles\filesInnova\scan_43aa1f1c-26c9-44e8-b9d9-abb2af18303d\classes\TriggerOnQuote_Handler.cls:105:	Deeply nested if..else statements are hard to read
C:\Users\Admin3\Desktop\projectFiles\filesInnova\scan_43aa1f1c-26c9-44e8-b9d9-abb2af18303d\classes\TriggerOnQuote_Handler.cls:111:	Deeply nested if..else statements are hard to read
C:\Users\Admin3\Desktop\projectFiles\filesInnova\scan_43aa1f1c-26c9-44e8-b9d9-abb2af18303d\classes\TriggerOnQuote_Handler.cls:123:	Deeply nested if..else statements are hard to read
C:\Users\Admin3\Desktop\projectFiles\filesInnova\scan_43aa1f1c-26c9-44e8-b9d9-abb2af18303d\classes\TriggerOnQuote_Handler.cls:129:	Deeply nested if..else statements are hard to read
C:\Users\Admin3\Desktop\projectFiles\filesInnova\scan_43aa1f1c-26c9-44e8-b9d9-abb2af18303d\classes\TriggerOnQuote_Handler.cls:138:	Deeply nested if..else statements are hard to read
C:\Users\Admin3\Desktop\projectFiles\filesInnova\scan_43aa1f1c-26c9-44e8-b9d9-abb2af18303d\classes\TriggerOnQuote_Handler.cls:147:	Deeply nested if..else statements are hard to read
C:\Users\Admin3\Desktop\projectFiles\filesInnova\scan_43aa1f1c-26c9-44e8-b9d9-abb2af18303d\classes\TriggerOnQuote_Handler.cls:152:	Deeply nested if..else statements are hard to read
C:\Users\Admin3\Desktop\projectFiles\filesInnova\scan_43aa1f1c-26c9-44e8-b9d9-abb2af18303d\classes\TriggerOnQuote_Handler.cls:157:	Deeply nested if..else statements are hard to read
C:\Users\Admin3\Desktop\projectFiles\filesInnova\scan_43aa1f1c-26c9-44e8-b9d9-abb2af18303d\classes\TriggerOnQuote_Handler.cls:162:	Deeply nested if..else statements are hard to read
C:\Users\Admin3\Desktop\projectFiles\filesInnova\scan_43aa1f1c-26c9-44e8-b9d9-abb2af18303d\classes\TriggerOnQuote_Handler.cls:175:	Avoid using if statements without curly braces
C:\Users\Admin3\Desktop\projectFiles\filesInnova\scan_43aa1f1c-26c9-44e8-b9d9-abb2af18303d\classes\TriggerOnQuote_Handler.cls:175:	Avoid using if...else statements without curly braces
C:\Users\Admin3\Desktop\projectFiles\filesInnova\scan_43aa1f1c-26c9-44e8-b9d9-abb2af18303d\classes\TriggerOnQuote_Handler.cls:179:	Avoid using if statements without curly braces
C:\Users\Admin3\Desktop\projectFiles\filesInnova\scan_43aa1f1c-26c9-44e8-b9d9-abb2af18303d\classes\TriggerOnQuote_Handler.cls:179:	Avoid using if...else statements without curly braces
C:\Users\Admin3\Desktop\projectFiles\filesInnova\scan_43aa1f1c-26c9-44e8-b9d9-abb2af18303d\classes\TriggerOnQuote_Handler.cls:191:	Variables should start with a lowercase character, 'Q' starts with uppercase character.
C:\Users\Admin3\Desktop\projectFiles\filesInnova\scan_43aa1f1c-26c9-44e8-b9d9-abb2af18303d\classes\TriggerOnQuote_Handler.cls:206:	Method names should not contain underscores
C:\Users\Admin3\Desktop\projectFiles\filesInnova\scan_43aa1f1c-26c9-44e8-b9d9-abb2af18303d\classes\TriggerOnQuote_Handler.cls:206:	The method 'triggerhandler_AfterUpdate' has a Standard Cyclomatic Complexity of 25.
C:\Users\Admin3\Desktop\projectFiles\filesInnova\scan_43aa1f1c-26c9-44e8-b9d9-abb2af18303d\classes\TriggerOnQuote_Handler.cls:206:	The method 'triggerhandler_AfterUpdate(List<SBQQ__Quote__c>,Map<Id,SBQQ__Quote__c>,Map<Id,SBQQ__Quote__c>)' has a cyclomatic complexity of 28.
C:\Users\Admin3\Desktop\projectFiles\filesInnova\scan_43aa1f1c-26c9-44e8-b9d9-abb2af18303d\classes\TriggerOnQuote_Handler.cls:206:	The method triggerhandler_AfterUpdate() has an NCSS line count of 70
C:\Users\Admin3\Desktop\projectFiles\filesInnova\scan_43aa1f1c-26c9-44e8-b9d9-abb2af18303d\classes\TriggerOnQuote_Handler.cls:218:	Avoid using if statements without curly braces
C:\Users\Admin3\Desktop\projectFiles\filesInnova\scan_43aa1f1c-26c9-44e8-b9d9-abb2af18303d\classes\TriggerOnQuote_Handler.cls:218:	Avoid using if...else statements without curly braces
C:\Users\Admin3\Desktop\projectFiles\filesInnova\scan_43aa1f1c-26c9-44e8-b9d9-abb2af18303d\classes\TriggerOnQuote_Handler.cls:220:	Avoid using if...else statements without curly braces
C:\Users\Admin3\Desktop\projectFiles\filesInnova\scan_43aa1f1c-26c9-44e8-b9d9-abb2af18303d\classes\TriggerOnQuote_Handler.cls:228:	Variables should start with a lowercase character, 'Opptoadd' starts with uppercase character.
C:\Users\Admin3\Desktop\projectFiles\filesInnova\scan_43aa1f1c-26c9-44e8-b9d9-abb2af18303d\classes\TriggerOnQuote_Handler.cls:230:	Variables should start with a lowercase character, 'PSOAmount' starts with uppercase character.
C:\Users\Admin3\Desktop\projectFiles\filesInnova\scan_43aa1f1c-26c9-44e8-b9d9-abb2af18303d\classes\TriggerOnQuote_Handler.cls:231:	Variables should start with a lowercase character, 'PerpTotal' starts with uppercase character.
C:\Users\Admin3\Desktop\projectFiles\filesInnova\scan_43aa1f1c-26c9-44e8-b9d9-abb2af18303d\classes\TriggerOnQuote_Handler.cls:232:	Variables should start with a lowercase character, 'SubTotal' starts with uppercase character.
C:\Users\Admin3\Desktop\projectFiles\filesInnova\scan_43aa1f1c-26c9-44e8-b9d9-abb2af18303d\classes\TriggerOnQuote_Handler.cls:233:	Variables should start with a lowercase character, 'SuppTotal' starts with uppercase character.
C:\Users\Admin3\Desktop\projectFiles\filesInnova\scan_43aa1f1c-26c9-44e8-b9d9-abb2af18303d\classes\TriggerOnQuote_Handler.cls:234:	Variables should start with a lowercase character, 'Term' starts with uppercase character.
C:\Users\Admin3\Desktop\projectFiles\filesInnova\scan_43aa1f1c-26c9-44e8-b9d9-abb2af18303d\classes\TriggerOnQuote_Handler.cls:259:	Avoid using if statements without curly braces
C:\Users\Admin3\Desktop\projectFiles\filesInnova\scan_43aa1f1c-26c9-44e8-b9d9-abb2af18303d\classes\TriggerOnQuote_Handler.cls:259:	Avoid using if...else statements without curly braces
C:\Users\Admin3\Desktop\projectFiles\filesInnova\scan_43aa1f1c-26c9-44e8-b9d9-abb2af18303d\classes\TriggerOnQuote_Handler.cls:261:	Avoid using if statements without curly braces
C:\Users\Admin3\Desktop\projectFiles\filesInnova\scan_43aa1f1c-26c9-44e8-b9d9-abb2af18303d\classes\TriggerOnQuote_Handler.cls:261:	Avoid using if...else statements without curly braces
C:\Users\Admin3\Desktop\projectFiles\filesInnova\scan_43aa1f1c-26c9-44e8-b9d9-abb2af18303d\classes\TriggerOnQuote_Handler.cls:289:	Validate CRUD permission before SOQL/DML operation
C:\Users\Admin3\Desktop\projectFiles\filesInnova\scan_43aa1f1c-26c9-44e8-b9d9-abb2af18303d\classes\UpdateFirstAndLastCampaigns_Test.cls:4:	Apex unit test classes should have at least one System.assert() or assertEquals() or AssertNotEquals() call
C:\Users\Admin3\Desktop\projectFiles\filesInnova\scan_43aa1f1c-26c9-44e8-b9d9-abb2af18303d\classes\batchLeadTierUpdate.cls:1:	Avoid using global modifier
C:\Users\Admin3\Desktop\projectFiles\filesInnova\scan_43aa1f1c-26c9-44e8-b9d9-abb2af18303d\classes\batchLeadTierUpdate.cls:1:	Class names should begin with an uppercase character
C:\Users\Admin3\Desktop\projectFiles\filesInnova\scan_43aa1f1c-26c9-44e8-b9d9-abb2af18303d\classes\batchLeadTierUpdate.cls:1:	The class 'batchLeadTierUpdate' has a Standard Cyclomatic Complexity of 8 (Highest = 22).
C:\Users\Admin3\Desktop\projectFiles\filesInnova\scan_43aa1f1c-26c9-44e8-b9d9-abb2af18303d\classes\batchLeadTierUpdate.cls:2:	Variables should start with a lowercase character, 'BC' starts with uppercase character.
C:\Users\Admin3\Desktop\projectFiles\filesInnova\scan_43aa1f1c-26c9-44e8-b9d9-abb2af18303d\classes\batchLeadTierUpdate.cls:8:	The method 'execute' has a Standard Cyclomatic Complexity of 22.
C:\Users\Admin3\Desktop\projectFiles\filesInnova\scan_43aa1f1c-26c9-44e8-b9d9-abb2af18303d\classes\batchLeadTierUpdate.cls:8:	The method 'execute(Database.BatchableContext,List<Lead>)' has a cyclomatic complexity of 27.
C:\Users\Admin3\Desktop\projectFiles\filesInnova\scan_43aa1f1c-26c9-44e8-b9d9-abb2af18303d\classes\batchLeadTierUpdate.cls:8:	The method execute() has an NCSS line count of 71
C:\Users\Admin3\Desktop\projectFiles\filesInnova\scan_43aa1f1c-26c9-44e8-b9d9-abb2af18303d\classes\batchLeadTierUpdate.cls:8:	Variables should start with a lowercase character, 'BC' starts with uppercase character.
C:\Users\Admin3\Desktop\projectFiles\filesInnova\scan_43aa1f1c-26c9-44e8-b9d9-abb2af18303d\classes\batchLeadTierUpdate.cls:10:	Variables should start with a lowercase character, 'DomainSet' starts with uppercase character.
C:\Users\Admin3\Desktop\projectFiles\filesInnova\scan_43aa1f1c-26c9-44e8-b9d9-abb2af18303d\classes\batchLeadTierUpdate.cls:11:	Variables should start with a lowercase character, 'Finalleads' starts with uppercase character.
C:\Users\Admin3\Desktop\projectFiles\filesInnova\scan_43aa1f1c-26c9-44e8-b9d9-abb2af18303d\classes\batchLeadTierUpdate.cls:13:	Variables should start with a lowercase character, 'MapOfDomainToAccounts' starts with uppercase character.
C:\Users\Admin3\Desktop\projectFiles\filesInnova\scan_43aa1f1c-26c9-44e8-b9d9-abb2af18303d\classes\batchLeadTierUpdate.cls:15:	Variables should start with a lowercase character, 'CurLead' starts with uppercase character.
C:\Users\Admin3\Desktop\projectFiles\filesInnova\scan_43aa1f1c-26c9-44e8-b9d9-abb2af18303d\classes\batchLeadTierUpdate.cls:47:	Variables should start with a lowercase character, 'CurLead' starts with uppercase character.
C:\Users\Admin3\Desktop\projectFiles\filesInnova\scan_43aa1f1c-26c9-44e8-b9d9-abb2af18303d\classes\batchLeadTierUpdate.cls:62:	Deeply nested if..else statements are hard to read
C:\Users\Admin3\Desktop\projectFiles\filesInnova\scan_43aa1f1c-26c9-44e8-b9d9-abb2af18303d\classes\batchLeadTierUpdate.cls:121:	Deeply nested if..else statements are hard to read
C:\Users\Admin3\Desktop\projectFiles\filesInnova\scan_43aa1f1c-26c9-44e8-b9d9-abb2af18303d\classes\batchLeadTierUpdate.cls:131:	Deeply nested if..else statements are hard to read
C:\Users\Admin3\Desktop\projectFiles\filesInnova\scan_43aa1f1c-26c9-44e8-b9d9-abb2af18303d\classes\batchLeadTierUpdate.cls:169:	Avoid empty block statements.
C:\Users\Admin3\Desktop\projectFiles\filesInnova\scan_43aa1f1c-26c9-44e8-b9d9-abb2af18303d\classes\batchLeadTierUpdate.cls:169:	Variables should start with a lowercase character, 'BC' starts with uppercase character.
C:\Users\Admin3\Desktop\projectFiles\filesInnova\scan_43aa1f1c-26c9-44e8-b9d9-abb2af18303d\classes\cls_OpportunityViewPage.cls:1:	Class names should begin with an uppercase character
C:\Users\Admin3\Desktop\projectFiles\filesInnova\scan_43aa1f1c-26c9-44e8-b9d9-abb2af18303d\classes\cls_OpportunityViewPage.cls:18:	Validate CRUD permission before SOQL/DML operation
C:\Users\Admin3\Desktop\projectFiles\filesInnova\scan_43aa1f1c-26c9-44e8-b9d9-abb2af18303d\classes\cls_OpportunityViewPage.cls:21:	Avoid using if statements without curly braces
C:\Users\Admin3\Desktop\projectFiles\filesInnova\scan_43aa1f1c-26c9-44e8-b9d9-abb2af18303d\classes\cls_OpportunityViewPage.cls:21:	Avoid using if...else statements without curly braces
C:\Users\Admin3\Desktop\projectFiles\filesInnova\scan_43aa1f1c-26c9-44e8-b9d9-abb2af18303d\classes\cls_OpportunityViewPage.cls:23:	Avoid using if...else statements without curly braces
C:\Users\Admin3\Desktop\projectFiles\filesInnova\scan_43aa1f1c-26c9-44e8-b9d9-abb2af18303d\classes\cls_OpportunityViewPage.cls:28:	Method names should not start with capital letters
C:\Users\Admin3\Desktop\projectFiles\filesInnova\scan_43aa1f1c-26c9-44e8-b9d9-abb2af18303d\classes\cls_OpportunityViewPage.cls:31:	Validate CRUD permission before SOQL/DML operation
C:\Users\Admin3\Desktop\projectFiles\filesInnova\scan_43aa1f1c-26c9-44e8-b9d9-abb2af18303d\classes\cls_OpportunityViewPage.cls:35:	Validate CRUD permission before SOQL/DML operation
C:\Users\Admin3\Desktop\projectFiles\filesInnova\scan_43aa1f1c-26c9-44e8-b9d9-abb2af18303d\classes\cls_OpportunityViewPage.cls:37:	Validate CRUD permission before SOQL/DML operation
C:\Users\Admin3\Desktop\projectFiles\filesInnova\scan_43aa1f1c-26c9-44e8-b9d9-abb2af18303d\classes\cls_OpportunityViewPage.cls:44:	Validate CRUD permission before SOQL/DML operation
C:\Users\Admin3\Desktop\projectFiles\filesInnova\scan_43aa1f1c-26c9-44e8-b9d9-abb2af18303d\classes\test_trgAccHandler.cls:2:	Class names should begin with an uppercase character
C:\Users\Admin3\Desktop\projectFiles\filesInnova\scan_43aa1f1c-26c9-44e8-b9d9-abb2af18303d\classes\test_trgAccHandler.cls:4:	Apex unit test classes should have at least one System.assert() or assertEquals() or AssertNotEquals() call
C:\Users\Admin3\Desktop\projectFiles\filesInnova\scan_43aa1f1c-26c9-44e8-b9d9-abb2af18303d\classes\test_trgAccHandler.cls:16:	Apex unit test classes should have at least one System.assert() or assertEquals() or AssertNotEquals() call
C:\Users\Admin3\Desktop\projectFiles\filesInnova\scan_43aa1f1c-26c9-44e8-b9d9-abb2af18303d\classes\test_trgLeadAssignmentRules.cls:2:	Class names should begin with an uppercase character
C:\Users\Admin3\Desktop\projectFiles\filesInnova\scan_43aa1f1c-26c9-44e8-b9d9-abb2af18303d\classes\test_trgLeadAssignmentRules.cls:3:	Apex unit test classes should have at least one System.assert() or assertEquals() or AssertNotEquals() call
C:\Users\Admin3\Desktop\projectFiles\filesInnova\scan_43aa1f1c-26c9-44e8-b9d9-abb2af18303d\classes\test_trgLeadHandler.cls:2:	Class names should begin with an uppercase character
C:\Users\Admin3\Desktop\projectFiles\filesInnova\scan_43aa1f1c-26c9-44e8-b9d9-abb2af18303d\classes\test_trgLeadHandler.cls:4:	Apex unit test classes should have at least one System.assert() or assertEquals() or AssertNotEquals() call
C:\Users\Admin3\Desktop\projectFiles\filesInnova\scan_43aa1f1c-26c9-44e8-b9d9-abb2af18303d\classes\test_trgLeadHandler.cls:13:	Apex unit test classes should have at least one System.assert() or assertEquals() or AssertNotEquals() call
C:\Users\Admin3\Desktop\projectFiles\filesInnova\scan_43aa1f1c-26c9-44e8-b9d9-abb2af18303d\classes\test_trgLeadHandler.cls:28:	Apex unit test classes should have at least one System.assert() or assertEquals() or AssertNotEquals() call
C:\Users\Admin3\Desktop\projectFiles\filesInnova\scan_43aa1f1c-26c9-44e8-b9d9-abb2af18303d\classes\test_trgLeadHandler.cls:34:	Apex unit test classes should have at least one System.assert() or assertEquals() or AssertNotEquals() call
C:\Users\Admin3\Desktop\projectFiles\filesInnova\scan_43aa1f1c-26c9-44e8-b9d9-abb2af18303d\triggers\Trg_LeadAssignmentRules.trigger:1:	Avoid logic in triggers
C:\Users\Admin3\Desktop\projectFiles\filesInnova\scan_43aa1f1c-26c9-44e8-b9d9-abb2af18303d\triggers\Trg_LeadAssignmentRules.trigger:4:	Avoid using if statements without curly braces
C:\Users\Admin3\Desktop\projectFiles\filesInnova\scan_43aa1f1c-26c9-44e8-b9d9-abb2af18303d\triggers\Trg_LeadAssignmentRules.trigger:4:	Avoid using if...else statements without curly braces
C:\Users\Admin3\Desktop\projectFiles\filesInnova\scan_43aa1f1c-26c9-44e8-b9d9-abb2af18303d\triggers\Trg_Opportunity.trigger:8:	Avoid logic in triggers
C:\Users\Admin3\Desktop\projectFiles\filesInnova\scan_43aa1f1c-26c9-44e8-b9d9-abb2af18303d\triggers\Trg_Opportunity.trigger:8:	The method 'invoke' has a Standard Cyclomatic Complexity of 11.
C:\Users\Admin3\Desktop\projectFiles\filesInnova\scan_43aa1f1c-26c9-44e8-b9d9-abb2af18303d\triggers\Trg_Opportunity.trigger:8:	The trigger 'Trg_Opportunity' has a Standard Cyclomatic Complexity of 12 (Highest = 11).
C:\Users\Admin3\Desktop\projectFiles\filesInnova\scan_43aa1f1c-26c9-44e8-b9d9-abb2af18303d\triggers\Trg_Opportunity.trigger:8:	The trigger 'Trg_Opportunity' has a cyclomatic complexity of 26.
C:\Users\Admin3\Desktop\projectFiles\filesInnova\scan_43aa1f1c-26c9-44e8-b9d9-abb2af18303d\triggers\Trg_Opportunity.trigger:11:	Only variables that are final should contain underscores (except for underscores in standard prefix/suffix), 'Cur_conv' is not final.
C:\Users\Admin3\Desktop\projectFiles\filesInnova\scan_43aa1f1c-26c9-44e8-b9d9-abb2af18303d\triggers\Trg_Opportunity.trigger:11:	Variables should start with a lowercase character, 'Cur_conv' starts with uppercase character.
C:\Users\Admin3\Desktop\projectFiles\filesInnova\scan_43aa1f1c-26c9-44e8-b9d9-abb2af18303d\triggers\Trg_Opportunity.trigger:30:	Avoid using if statements without curly braces
C:\Users\Admin3\Desktop\projectFiles\filesInnova\scan_43aa1f1c-26c9-44e8-b9d9-abb2af18303d\triggers\Trg_Opportunity.trigger:30:	Avoid using if...else statements without curly braces
C:\Users\Admin3\Desktop\projectFiles\filesInnova\scan_43aa1f1c-26c9-44e8-b9d9-abb2af18303d\triggers\Trg_Opportunity.trigger:33:	Avoid using if statements without curly braces
C:\Users\Admin3\Desktop\projectFiles\filesInnova\scan_43aa1f1c-26c9-44e8-b9d9-abb2af18303d\triggers\Trg_Opportunity.trigger:33:	Avoid using if...else statements without curly braces
C:\Users\Admin3\Desktop\projectFiles\filesInnova\scan_43aa1f1c-26c9-44e8-b9d9-abb2af18303d\triggers\Trg_Opportunity.trigger:46:	Avoid directly accessing Trigger.old and Trigger.new
C:\Users\Admin3\Desktop\projectFiles\filesInnova\scan_43aa1f1c-26c9-44e8-b9d9-abb2af18303d\triggers\Trg_Opportunity.trigger:55:	Avoid using if statements without curly braces
C:\Users\Admin3\Desktop\projectFiles\filesInnova\scan_43aa1f1c-26c9-44e8-b9d9-abb2af18303d\triggers\Trg_Opportunity.trigger:55:	Avoid using if...else statements without curly braces
C:\Users\Admin3\Desktop\projectFiles\filesInnova\scan_43aa1f1c-26c9-44e8-b9d9-abb2af18303d\triggers\TriggerOnQuote.trigger:1:	Avoid logic in triggers
C:\Users\Admin3\Desktop\projectFiles\filesInnova\scan_43aa1f1c-26c9-44e8-b9d9-abb2af18303d\triggers\TriggerOnQuote.trigger:1:	The method 'invoke' has a Standard Cyclomatic Complexity of 11.
C:\Users\Admin3\Desktop\projectFiles\filesInnova\scan_43aa1f1c-26c9-44e8-b9d9-abb2af18303d\triggers\TriggerOnQuote.trigger:1:	The trigger 'TriggerOnQuote' has a Standard Cyclomatic Complexity of 12 (Highest = 11).
C:\Users\Admin3\Desktop\projectFiles\filesInnova\scan_43aa1f1c-26c9-44e8-b9d9-abb2af18303d\triggers\TriggerOnQuote.trigger:1:	The trigger 'TriggerOnQuote' has a cyclomatic complexity of 15.
C:\Users\Admin3\Desktop\projectFiles\filesInnova\scan_43aa1f1c-26c9-44e8-b9d9-abb2af18303d\triggers\TriggerOnQuote.trigger:3:	Variables should start with a lowercase character, 'SolutionGroups' starts with uppercase character.
C:\Users\Admin3\Desktop\projectFiles\filesInnova\scan_43aa1f1c-26c9-44e8-b9d9-abb2af18303d\triggers\TriggerOnQuote.trigger:4:	Variables should start with a lowercase character, 'QuoteGroupingToBeInserted' starts with uppercase character.
C:\Users\Admin3\Desktop\projectFiles\filesInnova\scan_43aa1f1c-26c9-44e8-b9d9-abb2af18303d\triggers\TriggerOnQuote.trigger:5:	Validate CRUD permission before SOQL/DML operation
C:\Users\Admin3\Desktop\projectFiles\filesInnova\scan_43aa1f1c-26c9-44e8-b9d9-abb2af18303d\triggers\TriggerOnQuote.trigger:9:	Variables should start with a lowercase character, 'Quotes' starts with uppercase character.
C:\Users\Admin3\Desktop\projectFiles\filesInnova\scan_43aa1f1c-26c9-44e8-b9d9-abb2af18303d\triggers\TriggerOnQuote.trigger:12:	Avoid using if statements without curly braces
C:\Users\Admin3\Desktop\projectFiles\filesInnova\scan_43aa1f1c-26c9-44e8-b9d9-abb2af18303d\triggers\TriggerOnQuote.trigger:12:	Avoid using if...else statements without curly braces
C:\Users\Admin3\Desktop\projectFiles\filesInnova\scan_43aa1f1c-26c9-44e8-b9d9-abb2af18303d\triggers\TriggerOnQuote.trigger:19:	Variables should start with a lowercase character, 'Quotes' starts with uppercase character.
C:\Users\Admin3\Desktop\projectFiles\filesInnova\scan_43aa1f1c-26c9-44e8-b9d9-abb2af18303d\triggers\TriggerOnQuote.trigger:26:	Variables should start with a lowercase character, 'Quote' starts with uppercase character.
C:\Users\Admin3\Desktop\projectFiles\filesInnova\scan_43aa1f1c-26c9-44e8-b9d9-abb2af18303d\triggers\TriggerOnQuote.trigger:33:	Validate CRUD permission before SOQL/DML operation
C:\Users\Admin3\Desktop\projectFiles\filesInnova\scan_43aa1f1c-26c9-44e8-b9d9-abb2af18303d\triggers\TriggerOnQuoteLine.trigger:1:	Avoid logic in triggers
C:\Users\Admin3\Desktop\projectFiles\filesInnova\scan_43aa1f1c-26c9-44e8-b9d9-abb2af18303d\triggers\UpdateFirstAndLastCampaigns.trigger:1:	Avoid logic in triggers
C:\Users\Admin3\Desktop\projectFiles\filesInnova\scan_43aa1f1c-26c9-44e8-b9d9-abb2af18303d\triggers\UpdateFirstAndLastCampaigns.trigger:1:	The method 'invoke' has a Standard Cyclomatic Complexity of 15.
C:\Users\Admin3\Desktop\projectFiles\filesInnova\scan_43aa1f1c-26c9-44e8-b9d9-abb2af18303d\triggers\UpdateFirstAndLastCampaigns.trigger:1:	The trigger 'UpdateFirstAndLastCampaigns' has a Standard Cyclomatic Complexity of 16 (Highest = 15).
C:\Users\Admin3\Desktop\projectFiles\filesInnova\scan_43aa1f1c-26c9-44e8-b9d9-abb2af18303d\triggers\UpdateFirstAndLastCampaigns.trigger:1:	The trigger 'UpdateFirstAndLastCampaigns' has a cyclomatic complexity of 15.
C:\Users\Admin3\Desktop\projectFiles\filesInnova\scan_43aa1f1c-26c9-44e8-b9d9-abb2af18303d\triggers\UpdateFirstAndLastCampaigns.trigger:19:	Validate CRUD permission before SOQL/DML operation
C:\Users\Admin3\Desktop\projectFiles\filesInnova\scan_43aa1f1c-26c9-44e8-b9d9-abb2af18303d\triggers\UpdateFirstAndLastCampaigns.trigger:62:	Validate CRUD permission before SOQL/DML operation
C:\Users\Admin3\Desktop\projectFiles\filesInnova\scan_43aa1f1c-26c9-44e8-b9d9-abb2af18303d\triggers\UpdateFirstAndLastCampaigns.trigger:65:	Validate CRUD permission before SOQL/DML operation
C:\Users\Admin3\Desktop\projectFiles\filesInnova\scan_43aa1f1c-26c9-44e8-b9d9-abb2af18303d\triggers\trg_Lead.trigger:1:	Avoid logic in triggers
C:\Users\Admin3\Desktop\projectFiles\filesInnova\scan_43aa1f1c-26c9-44e8-b9d9-abb2af18303d\triggers\trg_Lead.trigger:5:	Variables should start with a lowercase character, 'TrgHandler' starts with uppercase character.
C:\Users\Admin3\Desktop\projectFiles\filesInnova\scan_43aa1f1c-26c9-44e8-b9d9-abb2af18303d\triggers\trg_LeadHandler.trigger:1:	Avoid logic in triggers
C:\Users\Admin3\Desktop\projectFiles\filesInnova\scan_43aa1f1c-26c9-44e8-b9d9-abb2af18303d\triggers\trg_LeadHandler.trigger:1:	The method 'invoke' has a Standard Cyclomatic Complexity of 11.
C:\Users\Admin3\Desktop\projectFiles\filesInnova\scan_43aa1f1c-26c9-44e8-b9d9-abb2af18303d\triggers\trg_LeadHandler.trigger:1:	The trigger 'trg_LeadHandler' has a Standard Cyclomatic Complexity of 12 (Highest = 11).
C:\Users\Admin3\Desktop\projectFiles\filesInnova\scan_43aa1f1c-26c9-44e8-b9d9-abb2af18303d\triggers\trg_LeadHandler.trigger:1:	The trigger 'trg_LeadHandler' has a cyclomatic complexity of 13.
C:\Users\Admin3\Desktop\projectFiles\filesInnova\scan_43aa1f1c-26c9-44e8-b9d9-abb2af18303d\triggers\trg_LeadHandler.trigger:19:	Variables should start with a lowercase character, 'LeadId' starts with uppercase character.
C:\Users\Admin3\Desktop\projectFiles\filesInnova\scan_43aa1f1c-26c9-44e8-b9d9-abb2af18303d\triggers\trg_accountHandler.trigger:1:	Avoid logic in triggers
C:\Users\Admin3\Desktop\projectFiles\filesInnova\scan_43aa1f1c-26c9-44e8-b9d9-abb2af18303d\triggers\trg_accountHandler.trigger:1:	The method 'invoke' has a Standard Cyclomatic Complexity of 10.
C:\Users\Admin3\Desktop\projectFiles\filesInnova\scan_43aa1f1c-26c9-44e8-b9d9-abb2af18303d\triggers\trg_accountHandler.trigger:1:	The trigger 'trg_accountHandler' has a Standard Cyclomatic Complexity of 11 (Highest = 10).
C:\Users\Admin3\Desktop\projectFiles\filesInnova\scan_43aa1f1c-26c9-44e8-b9d9-abb2af18303d\triggers\trg_accountHandler.trigger:1:	The trigger 'trg_accountHandler' has a cyclomatic complexity of 14.
C:\Users\Admin3\Desktop\projectFiles\filesInnova\scan_43aa1f1c-26c9-44e8-b9d9-abb2af18303d\triggers\trg_accountHandler.trigger:3:	Variables should start with a lowercase character, 'AccId' starts with uppercase character.
C:\Users\Admin3\Desktop\projectFiles\filesInnova\scan_43aa1f1c-26c9-44e8-b9d9-abb2af18303d\triggers\trg_accountHandler.trigger:8:	Avoid Soql queries inside loops
C:\Users\Admin3\Desktop\projectFiles\filesInnova\scan_43aa1f1c-26c9-44e8-b9d9-abb2af18303d\triggers\trg_accountHandler.trigger:17:	Avoid DML Statements inside loops
C:\Users\Admin3\Desktop\projectFiles\filesInnova\scan_43aa1f1c-26c9-44e8-b9d9-abb2af18303d\triggers\trg_accountHandler.trigger:17:	Validate CRUD permission before SOQL/DML operation
C:\Users\Admin3\Desktop\projectFiles\filesInnova\scan_43aa1f1c-26c9-44e8-b9d9-abb2af18303d\triggers\trg_accountHandler.trigger:30:	Avoid Soql queries inside loops
C:\Users\Admin3\Desktop\projectFiles\filesInnova\scan_43aa1f1c-26c9-44e8-b9d9-abb2af18303d\triggers\trg_accountHandler.trigger:39:	Avoid DML Statements inside loops
C:\Users\Admin3\Desktop\projectFiles\filesInnova\scan_43aa1f1c-26c9-44e8-b9d9-abb2af18303d\triggers\trg_accountHandler.trigger:39:	Validate CRUD permission before SOQL/DML operation
